#
# A fatal error has been detected by the Java Runtime Environment:
#
#  EXCEPTION_ACCESS_VIOLATION (0xc0000005) at pc=0x00007ff8d2a9c53a, pid=21352, tid=3796
#
# JRE version: OpenJDK Runtime Environment Temurin-17.0.8+7 (17.0.8+7) (build 17.0.8+7)
# Java VM: OpenJDK 64-Bit Server VM Temurin-17.0.8+7 (17.0.8+7, mixed mode, sharing, tiered, compressed oops, compressed class ptrs, g1 gc, windows-amd64)
# Problematic frame:
# C  [lwjgl_opengl.dll+0xc53a]
#
# No core dump will be written. Minidumps are not enabled by default on client versions of Windows
#
# If you would like to submit a bug report, please visit:
#   https://github.com/adoptium/adoptium-support/issues
# The crash happened outside the Java Virtual Machine in native code.
# See problematic frame for where to report the bug.
#

---------------  S U M M A R Y ------------

Command Line: -agentlib:jdwp=transport=dt_socket,server=n,suspend=y,address=127.0.0.1:52601 -Dfile.encoding=windows-1252 -Duser.country=US -Duser.language=en -Duser.variant me.aurelium.RenderThread

Host: 11th Gen Intel(R) Core(TM) i7-1165G7 @ 2.80GHz, 8 cores, 15G,  Windows 11 , 64 bit Build 22621 (10.0.22621.2070)
Time: Sat Oct 21 14:28:28 2023 Eastern Daylight Time elapsed time: 0.698122 seconds (0d 0h 0m 0s)

---------------  T H R E A D  ---------------

Current thread (0x000001ad6fa1a310):  JavaThread "main" [_thread_in_native, id=3796, stack(0x00000067be500000,0x00000067be600000)]

Stack: [0x00000067be500000,0x00000067be600000],  sp=0x00000067be5ff2e8,  free space=1020k
Native frames: (J=compiled Java code, j=interpreted, Vv=VM code, C=native code)
C  [lwjgl_opengl.dll+0xc53a]

Java frames: (J=compiled Java code, j=interpreted, Vv=VM code)
j  org.lwjgl.opengl.GL11C.glEnable(I)V+0
j  org.lwjgl.opengl.GL11.glEnable(I)V+1
j  me.aurelium.RenderThread.init()V+201
j  me.aurelium.RenderThread.run()V+15
j  me.aurelium.RenderThread.main([Ljava/lang/String;)V+7
v  ~StubRoutines::call_stub

siginfo: EXCEPTION_ACCESS_VIOLATION (0xc0000005), reading address 0x0000000000000000


Register to memory mapping:

RIP=0x00007ff8d2a9c53a lwjgl_opengl.dll
RAX=0x000001ad585622b0 points into unknown readable memory: 0x0000000000000000 | 00 00 00 00 00 00 00 00
RBX={method} {0x000001ad5453f888} 'glEnable' '(I)V' in 'org/lwjgl/opengl/GL11C'
RCX=0x0000000000000de1 is an unknown value
RDX=0x0 is NULL
RSP=0x00000067be5ff2e8 is pointing into the stack for thread: 0x000001ad6fa1a310
RBP=0x00000067be5ff360 is pointing into the stack for thread: 0x000001ad6fa1a310
RSI=0x0000000000002f68 is an unknown value
RDI=0x000001ad07539efa is at code_begin+3482 in an Interpreter codelet
return entry points  [0x000001ad07539160, 0x000001ad0753b380]  8736 bytes
R8 =0x0000000000000de1 is an unknown value
R9 =0x0000000000000002 is an unknown value
R10=0x000001ad07541337 is at code_begin+1911 in an Interpreter codelet
method entry point (kind = native)  [0x000001ad07540bc0, 0x000001ad07541ce0]  4384 bytes
R11=0x00000007130e2a38 is an oop: java.lang.Class 
{0x00000007130e2a38} - klass: 'java/lang/Class'
 - ---- fields (total size 116 words):
 - private volatile transient 'classRedefinedCount' 'I' @12  0
 - private volatile transient 'cachedConstructor' 'Ljava/lang/reflect/Constructor;' @40  NULL (0)
 - private transient 'name' 'Ljava/lang/String;' @44  "org.lwjgl.opengl.GL11C"{0x00000007130e2de8} (e261c5bd)
 - private transient 'module' 'Ljava/lang/Module;' @48  a 'java/lang/Module'{0x0000000713665698} (e26ccad3)
 - private final 'classLoader' 'Ljava/lang/ClassLoader;' @52  a 'jdk/internal/loader/ClassLoaders$AppClassLoader'{0x00000007136654d8} (e26cca9b)
 - private transient 'classData' 'Ljava/lang/Object;' @56  NULL (0)
 - private transient 'packageName' 'Ljava/lang/String;' @60  "org.lwjgl.opengl"{0x000000071303e4a0} (e2607c94)
 - private final 'componentType' 'Ljava/lang/Class;' @64  NULL (0)
 - private volatile transient 'reflectionData' 'Ljava/lang/ref/SoftReference;' @68  NULL (0)
 - private volatile transient 'genericInfo' 'Lsun/reflect/generics/repository/ClassRepository;' @72  NULL (0)
 - private volatile transient 'enumConstants' '[Ljava/lang/Object;' @76  NULL (0)
 - private volatile transient 'enumConstantDirectory' 'Ljava/util/Map;' @80  NULL (0)
 - private volatile transient 'annotationData' 'Ljava/lang/Class$AnnotationData;' @84  NULL (0)
 - private volatile transient 'annotationType' 'Lsun/reflect/annotation/AnnotationType;' @88  NULL (0)
 - transient 'classValueMap' 'Ljava/lang/ClassValue$ClassValueMap;' @92  NULL (0)
 - signature: Lorg/lwjgl/opengl/GL11C;
 - fake entry for mirror: 'org/lwjgl/opengl/GL11C'
 - fake entry for array: NULL
 - fake entry for oop_size: 116
 - fake entry for static_oop_field_count: 0
 - public static final 'GL_NEVER' 'I' @112  512 (200)
 - public static final 'GL_LESS' 'I' @116  513 (201)
 - public static final 'GL_EQUAL' 'I' @120  514 (202)
 - public static final 'GL_LEQUAL' 'I' @124  515 (203)
 - public static final 'GL_GREATER' 'I' @128  516 (204)
 - public static final 'GL_NOTEQUAL' 'I' @132  517 (205)
 - public static final 'GL_GEQUAL' 'I' @136  518 (206)
 - public static final 'GL_ALWAYS' 'I' @140  519 (207)
 - public static final 'GL_DEPTH_BUFFER_BIT' 'I' @144  256 (100)
 - public static final 'GL_STENCIL_BUFFER_BIT' 'I' @148  1024 (400)
 - public static final 'GL_COLOR_BUFFER_BIT' 'I' @152  16384 (4000)
 - public static final 'GL_POINTS' 'I' @156  0
 - public static final 'GL_LINES' 'I' @160  1
 - public static final 'GL_LINE_LOOP' 'I' @164  2
 - public static final 'GL_LINE_STRIP' 'I' @168  3
 - public static final 'GL_TRIANGLES' 'I' @172  4
 - public static final 'GL_TRIANGLE_STRIP' 'I' @176  5
 - public static final 'GL_TRIANGLE_FAN' 'I' @180  6
 - public static final 'GL_QUADS' 'I' @184  7
 - public static final 'GL_ZERO' 'I' @188  0
 - public static final 'GL_ONE' 'I' @192  1
 - public static final 'GL_SRC_COLOR' 'I' @196  768 (300)
 - public static final 'GL_ONE_MINUS_SRC_COLOR' 'I' @200  769 (301)
 - public static final 'GL_SRC_ALPHA' 'I' @204  770 (302)
 - public static final 'GL_ONE_MINUS_SRC_ALPHA' 'I' @208  771 (303)
 - public static final 'GL_DST_ALPHA' 'I' @212  772 (304)
 - public static final 'GL_ONE_MINUS_DST_ALPHA' 'I' @216  773 (305)
 - public static final 'GL_DST_COLOR' 'I' @220  774 (306)
 - public static final 'GL_ONE_MINUS_DST_COLOR' 'I' @224  775 (307)
 - public static final 'GL_SRC_ALPHA_SATURATE' 'I' @228  776 (308)
 - public static final 'GL_TRUE' 'I' @232  1
 - public static final 'GL_FALSE' 'I' @236  0
 - public static final 'GL_BYTE' 'I' @240  5120 (1400)
 - public static final 'GL_UNSIGNED_BYTE' 'I' @244  5121 (1401)
 - public static final 'GL_SHORT' 'I' @248  5122 (1402)
 - public static final 'GL_UNSIGNED_SHORT' 'I' @252  5123 (1403)
 - public static final 'GL_INT' 'I' @256  5124 (1404)
 - public static final 'GL_UNSIGNED_INT' 'I' @260  5125 (1405)
 - public static final 'GL_FLOAT' 'I' @264  5126 (1406)
 - public static final 'GL_DOUBLE' 'I' @268  5130 (140a)
 - public static final 'GL_NONE' 'I' @272  0
 - public static final 'GL_FRONT_LEFT' 'I' @276  1024 (400)
 - public static final 'GL_FRONT_RIGHT' 'I' @280  1025 (401)
 - public static final 'GL_BACK_LEFT' 'I' @284  1026 (402)
 - public static final 'GL_BACK_RIGHT' 'I' @288  1027 (403)
 - public static final 'GL_FRONT' 'I' @292  1028 (404)
 - public static final 'GL_BACK' 'I' @296  1029 (405)
 - public static final 'GL_LEFT' 'I' @300  1030 (406)
 - public static final 'GL_RIGHT' 'I' @304  1031 (407)
 - public static final 'GL_FRONT_AND_BACK' 'I' @308  1032 (408)
 - public static final 'GL_NO_ERROR' 'I' @312  0
 - public static final 'GL_INVALID_ENUM' 'I' @316  1280 (500)
 - public static final 'GL_INVALID_VALUE' 'I' @320  1281 (501)
 - public static final 'GL_INVALID_OPERATION' 'I' @324  1282 (502)
 - public static final 'GL_STACK_OVERFLOW' 'I' @328  1283 (503)
 - public static final 'GL_STACK_UNDERFLOW' 'I' @332  1284 (504)
 - public static final 'GL_OUT_OF_MEMORY' 'I' @336  1285 (505)
 - public static final 'GL_CW' 'I' @340  2304 (900)
 - public static final 'GL_CCW' 'I' @344  2305 (901)
 - public static final 'GL_POINT_SIZE' 'I' @348  2833 (b11)
 - public static final 'GL_POINT_SIZE_RANGE' 'I' @352  2834 (b12)
 - public static final 'GL_POINT_SIZE_GRANULARITY' 'I' @356  2835 (b13)
 - public static final 'GL_LINE_SMOOTH' 'I' @360  2848 (b20)
 - public static final 'GL_LINE_WIDTH' 'I' @364  2849 (b21)
 - public static final 'GL_LINE_WIDTH_RANGE' 'I' @368  2850 (b22)
 - public static final 'GL_LINE_WIDTH_GRANULARITY' 'I' @372  2851 (b23)
 - public static final 'GL_POLYGON_MODE' 'I' @376  2880 (b40)
 - public static final 'GL_POLYGON_SMOOTH' 'I' @380  2881 (b41)
 - public static final 'GL_CULL_FACE' 'I' @384  2884 (b44)
 - public static final 'GL_CULL_FACE_MODE' 'I' @388  2885 (b45)
 - public static final 'GL_FRONT_FACE' 'I' @392  2886 (b46)
 - public static final 'GL_DEPTH_RANGE' 'I' @396  2928 (b70)
 - public static final 'GL_DEPTH_TEST' 'I' @400  2929 (b71)
 - public static final 'GL_DEPTH_WRITEMASK' 'I' @404  2930 (b72)
 - public static final 'GL_DEPTH_CLEAR_VALUE' 'I' @408  2931 (b73)
 - public static final 'GL_DEPTH_FUNC' 'I' @412  2932 (b74)
 - public static final 'GL_STENCIL_TEST' 'I' @416  2960 (b90)
 - public static final 'GL_STENCIL_CLEAR_VALUE' 'I' @420  2961 (b91)
 - public static final 'GL_STENCIL_FUNC' 'I' @424  2962 (b92)
 - public static final 'GL_STENCIL_VALUE_MASK' 'I' @428  2963 (b93)
 - public static final 'GL_STENCIL_FAIL' 'I' @432  2964 (b94)
 - public static final 'GL_STENCIL_PASS_DEPTH_FAIL' 'I' @436  2965 (b95)
 - public static final 'GL_STENCIL_PASS_DEPTH_PASS' 'I' @440  2966 (b96)
 - public static final 'GL_STENCIL_REF' 'I' @444  2967 (b97)
 - public static final 'GL_STENCIL_WRITEMASK' 'I' @448  2968 (b98)
 - public static final 'GL_VIEWPORT' 'I' @452  2978 (ba2)
 - public static final 'GL_DITHER' 'I' @456  3024 (bd0)
 - public static final 'GL_BLEND_DST' 'I' @460  3040 (be0)
 - public static final 'GL_BLEND_SRC' 'I' @464  3041 (be1)
 - public static final 'GL_BLEND' 'I' @468  3042 (be2)
 - public static final 'GL_LOGIC_OP_MODE' 'I' @472  3056 (bf0)
 - public static final 'GL_COLOR_LOGIC_OP' 'I' @476  3058 (bf2)
 - public static final 'GL_DRAW_BUFFER' 'I' @480  3073 (c01)
 - public static final 'GL_READ_BUFFER' 'I' @484  3074 (c02)
 - public static final 'GL_SCISSOR_BOX' 'I' @488  3088 (c10)
 - public static final 'GL_SCISSOR_TEST' 'I' @492  3089 (c11)
 - public static final 'GL_COLOR_CLEAR_VALUE' 'I' @496  3106 (c22)
 - public static final 'GL_COLOR_WRITEMASK' 'I' @500  3107 (c23)
 - public static final 'GL_DOUBLEBUFFER' 'I' @504  3122 (c32)
 - public static final 'GL_STEREO' 'I' @508  3123 (c33)
 - public static final 'GL_LINE_SMOOTH_HINT' 'I' @512  3154 (c52)
 - public static final 'GL_POLYGON_SMOOTH_HINT' 'I' @516  3155 (c53)
 - public static final 'GL_UNPACK_SWAP_BYTES' 'I' @520  3312 (cf0)
 - public static final 'GL_UNPACK_LSB_FIRST' 'I' @524  3313 (cf1)
 - public static final 'GL_UNPACK_ROW_LENGTH' 'I' @528  3314 (cf2)
 - public static final 'GL_UNPACK_SKIP_ROWS' 'I' @532  3315 (cf3)
 - public static final 'GL_UNPACK_SKIP_PIXELS' 'I' @536  3316 (cf4)
 - public static final 'GL_UNPACK_ALIGNMENT' 'I' @540  3317 (cf5)
 - public static final 'GL_PACK_SWAP_BYTES' 'I' @544  3328 (d00)
 - public static final 'GL_PACK_LSB_FIRST' 'I' @548  3329 (d01)
 - public static final 'GL_PACK_ROW_LENGTH' 'I' @552  3330 (d02)
 - public static final 'GL_PACK_SKIP_ROWS' 'I' @556  3331 (d03)
 - public static final 'GL_PACK_SKIP_PIXELS' 'I' @560  3332 (d04)
 - public static final 'GL_PACK_ALIGNMENT' 'I' @564  3333 (d05)
 - public static final 'GL_MAX_TEXTURE_SIZE' 'I' @568  3379 (d33)
 - public static final 'GL_MAX_VIEWPORT_DIMS' 'I' @572  3386 (d3a)
 - public static final 'GL_SUBPIXEL_BITS' 'I' @576  3408 (d50)
 - public static final 'GL_TEXTURE_1D' 'I' @580  3552 (de0)
 - public static final 'GL_TEXTURE_2D' 'I' @584  3553 (de1)
 - public static final 'GL_TEXTURE_WIDTH' 'I' @588  4096 (1000)
 - public static final 'GL_TEXTURE_HEIGHT' 'I' @592  4097 (1001)
 - public static final 'GL_TEXTURE_INTERNAL_FORMAT' 'I' @596  4099 (1003)
 - public static final 'GL_TEXTURE_BORDER_COLOR' 'I' @600  4100 (1004)
 - public static final 'GL_DONT_CARE' 'I' @604  4352 (1100)
 - public static final 'GL_FASTEST' 'I' @608  4353 (1101)
 - public static final 'GL_NICEST' 'I' @612  4354 (1102)
 - public static final 'GL_CLEAR' 'I' @616  5376 (1500)
 - public static final 'GL_AND' 'I' @620  5377 (1501)
 - public static final 'GL_AND_REVERSE' 'I' @624  5378 (1502)
 - public static final 'GL_COPY' 'I' @628  5379 (1503)
 - public static final 'GL_AND_INVERTED' 'I' @632  5380 (1504)
 - public static final 'GL_NOOP' 'I' @636  5381 (1505)
 - public static final 'GL_XOR' 'I' @640  5382 (1506)
 - public static final 'GL_OR' 'I' @644  5383 (1507)
 - public static final 'GL_NOR' 'I' @648  5384 (1508)
 - public static final 'GL_EQUIV' 'I' @652  5385 (1509)
 - public static final 'GL_INVERT' 'I' @656  5386 (150a)
 - public static final 'GL_OR_REVERSE' 'I' @660  5387 (150b)
 - public static final 'GL_COPY_INVERTED' 'I' @664  5388 (150c)
 - public static final 'GL_OR_INVERTED' 'I' @668  5389 (150d)
 - public static final 'GL_NAND' 'I' @672  5390 (150e)
 - public static final 'GL_SET' 'I' @676  5391 (150f)
 - public static final 'GL_TEXTURE' 'I' @680  5890 (1702)
 - public static final 'GL_COLOR' 'I' @684  6144 (1800)
 - public static final 'GL_DEPTH' 'I' @688  6145 (1801)
 - public static final 'GL_STENCIL' 'I' @692  6146 (1802)
 - public static final 'GL_STENCIL_INDEX' 'I' @696  6401 (1901)
 - public static final 'GL_DEPTH_COMPONENT' 'I' @700  6402 (1902)
 - public static final 'GL_RED' 'I' @704  6403 (1903)
 - public static final 'GL_GREEN' 'I' @708  6404 (1904)
 - public static final 'GL_BLUE' 'I' @712  6405 (1905)
 - public static final 'GL_ALPHA' 'I' @716  6406 (1906)
 - public static final 'GL_RGB' 'I' @720  6407 (1907)
 - public static final 'GL_RGBA' 'I' @724  6408 (1908)
 - public static final 'GL_POINT' 'I' @728  6912 (1b00)
 - public static final 'GL_LINE' 'I' @732  6913 (1b01)
 - public static final 'GL_FILL' 'I' @736  6914 (1b02)
 - public static final 'GL_KEEP' 'I' @740  7680 (1e00)
 - public static final 'GL_REPLACE' 'I' @744  7681 (1e01)
 - public static final 'GL_INCR' 'I' @748  7682 (1e02)
 - public static final 'GL_DECR' 'I' @752  7683 (1e03)
 - public static final 'GL_VENDOR' 'I' @756  7936 (1f00)
 - public static final 'GL_RENDERER' 'I' @760  7937 (1f01)
 - public static final 'GL_VERSION' 'I' @764  7938 (1f02)
 - public static final 'GL_EXTENSIONS' 'I' @768  7939 (1f03)
 - public static final 'GL_NEAREST' 'I' @772  9728 (2600)
 - public static final 'GL_LINEAR' 'I' @776  9729 (2601)
 - public static final 'GL_NEAREST_MIPMAP_NEAREST' 'I' @780  9984 (2700)
 - public static final 'GL_LINEAR_MIPMAP_NEAREST' 'I' @784  9985 (2701)
 - public static final 'GL_NEAREST_MIPMAP_LINEAR' 'I' @788  9986 (2702)
 - public static final 'GL_LINEAR_MIPMAP_LINEAR' 'I' @792  9987 (2703)
 - public static final 'GL_TEXTURE_MAG_FILTER' 'I' @796  10240 (2800)
 - public static final 'GL_TEXTURE_MIN_FILTER' 'I' @800  10241 (2801)
 - public static final 'GL_TEXTURE_WRAP_S' 'I' @804  10242 (2802)
 - public static final 'GL_TEXTURE_WRAP_T' 'I' @808  10243 (2803)
 - public static final 'GL_REPEAT' 'I' @812  10497 (2901)
 - public static final 'GL_POLYGON_OFFSET_FACTOR' 'I' @816  32824 (8038)
 - public static final 'GL_POLYGON_OFFSET_UNITS' 'I' @820  10752 (2a00)
 - public static final 'GL_POLYGON_OFFSET_POINT' 'I' @824  10753 (2a01)
 - public static final 'GL_POLYGON_OFFSET_LINE' 'I' @828  10754 (2a02)
 - public static final 'GL_POLYGON_OFFSET_FILL' 'I' @832  32823 (8037)
 - public static final 'GL_R3_G3_B2' 'I' @836  10768 (2a10)
 - public static final 'GL_RGB4' 'I' @840  32847 (804f)
 - public static final 'GL_RGB5' 'I' @844  32848 (8050)
 - public static final 'GL_RGB8' 'I' @848  32849 (8051)
 - public static final 'GL_RGB10' 'I' @852  32850 (8052)
 - public static final 'GL_RGB12' 'I' @856  32851 (8053)
 - public static final 'GL_RGB16' 'I' @860  32852 (8054)
 - public static final 'GL_RGBA2' 'I' @864  32853 (8055)
 - public static final 'GL_RGBA4' 'I' @868  32854 (8056)
 - public static final 'GL_RGB5_A1' 'I' @872  32855 (8057)
 - public static final 'GL_RGBA8' 'I' @876  32856 (8058)
 - public static final 'GL_RGB10_A2' 'I' @880  32857 (8059)
 - public static final 'GL_RGBA12' 'I' @884  32858 (805a)
 - public static final 'GL_RGBA16' 'I' @888  32859 (805b)
 - public static final 'GL_TEXTURE_RED_SIZE' 'I' @892  32860 (805c)
 - public static final 'GL_TEXTURE_GREEN_SIZE' 'I' @896  32861 (805d)
 - public static final 'GL_TEXTURE_BLUE_SIZE' 'I' @900  32862 (805e)
 - public static final 'GL_TEXTURE_ALPHA_SIZE' 'I' @904  32863 (805f)
 - public static final 'GL_PROXY_TEXTURE_1D' 'I' @908  32867 (8063)
 - public static final 'GL_PROXY_TEXTURE_2D' 'I' @912  32868 (8064)
 - public static final 'GL_TEXTURE_BINDING_1D' 'I' @916  32872 (8068)
 - public static final 'GL_TEXTURE_BINDING_2D' 'I' @920  32873 (8069)
 - public static final 'GL_VERTEX_ARRAY' 'I' @924  32884 (8074)
R12=0x0 is NULL
R13=0x000001ad5453f878 is pointing into metadata
R14=0x00000067be5ff380 is pointing into the stack for thread: 0x000001ad6fa1a310
R15=0x000001ad6fa1a310 is a thread


Registers:
RAX=0x000001ad585622b0, RBX=0x000001ad5453f880, RCX=0x0000000000000de1, RDX=0x0000000000000000
RSP=0x00000067be5ff2e8, RBP=0x00000067be5ff360, RSI=0x0000000000002f68, RDI=0x000001ad07539efa
R8 =0x0000000000000de1, R9 =0x0000000000000002, R10=0x000001ad07541337, R11=0x00000007130e2a38
R12=0x0000000000000000, R13=0x000001ad5453f878, R14=0x00000067be5ff380, R15=0x000001ad6fa1a310
RIP=0x00007ff8d2a9c53a, EFLAGS=0x0000000000010206

Top of Stack: (sp=0x00000067be5ff2e8)
0x00000067be5ff2e8:   000001ad07541366 000001ad5453f880
0x00000067be5ff2f8:   0000000000002f68 000001ad54501738
0x00000067be5ff308:   000001ad6fa1a310 000001ad07540c76
0x00000067be5ff318:   00000067be5ff318 000001ad5453f878
0x00000067be5ff328:   00000067be5ff380 000001ad545470a0
0x00000067be5ff338:   0000000000000000 00000007130e2a38
0x00000067be5ff348:   000001ad5453f880 0000000000000000
0x00000067be5ff358:   00000067be5ff380 00000067be5ff3d0
0x00000067be5ff368:   000001ad07539efa 00000007130e2a38
0x00000067be5ff378:   000001ad0753d4f8 0000000000000de1
0x00000067be5ff388:   00000067be5ff388 000001ad544fffd1
0x00000067be5ff398:   00000067be5ff3e0 000001ad54530000
0x00000067be5ff3a8:   0000000000000000 0000000713061ed8
0x00000067be5ff3b8:   000001ad54501738 00000067be5ff380
0x00000067be5ff3c8:   00000067be5ff3e0 00000067be5ff430
0x00000067be5ff3d8:   000001ad07539efa 0000000000000de1 

Instructions: (pc=0x00007ff8d2a9c53a)
0x00007ff8d2a9c43a:   44 24 30 41 8b d1 44 8b 4c 24 38 8b cb 4c 8b 50
0x00007ff8d2a9c44a:   18 5b 49 ff a2 40 0a 00 00 cc cc cc cc cc cc cc
0x00007ff8d2a9c45a:   cc cc cc cc cc cc 48 8b 01 0f 28 cb f2 0f 10 5c
0x00007ff8d2a9c46a:   24 30 0f 28 c2 f2 0f 10 54 24 28 48 8b 48 18 48
0x00007ff8d2a9c47a:   ff a1 48 0a 00 00 48 8b 01 49 8b c8 48 8b 50 18
0x00007ff8d2a9c48a:   48 ff a2 50 0a 00 00 cc cc cc cc cc cc cc cc cc
0x00007ff8d2a9c49a:   cc cc cc cc cc cc 48 8b 01 49 8b c8 48 8b 50 18
0x00007ff8d2a9c4aa:   48 ff a2 58 0a 00 00 cc cc cc cc cc cc cc cc cc
0x00007ff8d2a9c4ba:   cc cc cc cc cc cc 48 8b 01 49 8b c8 48 8b 50 18
0x00007ff8d2a9c4ca:   48 ff a2 60 0a 00 00 cc cc cc cc cc cc cc cc cc
0x00007ff8d2a9c4da:   cc cc cc cc cc cc 48 8b 01 49 8b c8 48 8b 50 18
0x00007ff8d2a9c4ea:   48 ff a2 68 0a 00 00 cc cc cc cc cc cc cc cc cc
0x00007ff8d2a9c4fa:   cc cc cc cc cc cc 40 53 48 8b 01 41 8b d8 44 8b
0x00007ff8d2a9c50a:   44 24 30 41 8b d1 4c 8b 4c 24 38 8b cb 4c 8b 50
0x00007ff8d2a9c51a:   18 5b 49 ff a2 70 0a 00 00 cc cc cc cc cc cc cc
0x00007ff8d2a9c52a:   cc cc cc cc cc cc 48 8b 01 41 8b c8 48 8b 50 18
0x00007ff8d2a9c53a:   48 ff 22 cc cc cc 48 8b 01 41 8b c8 48 8b 50 18
0x00007ff8d2a9c54a:   48 ff 62 08 cc cc 48 8b 01 41 8b d1 41 8b c8 4c
0x00007ff8d2a9c55a:   8b 50 18 49 ff 62 38 cc cc cc cc cc cc cc cc cc
0x00007ff8d2a9c56a:   cc cc cc cc cc cc 48 8b 01 41 8b d1 41 8b c8 4c
0x00007ff8d2a9c57a:   8b 50 18 49 ff 62 48 cc cc cc cc cc cc cc cc cc
0x00007ff8d2a9c58a:   cc cc cc cc cc cc 48 8b 01 41 8b c8 48 8b 50 18
0x00007ff8d2a9c59a:   48 ff 62 60 cc cc 48 8b 01 0f 28 cb f3 0f 10 5c
0x00007ff8d2a9c5aa:   24 30 0f 28 c2 f3 0f 10 54 24 28 48 8b 48 18 48
0x00007ff8d2a9c5ba:   ff 61 70 cc cc cc 48 8b 01 0f 28 c2 48 8b 48 18
0x00007ff8d2a9c5ca:   48 ff 61 78 cc cc 48 8b 01 41 8b c8 48 8b 50 18
0x00007ff8d2a9c5da:   48 ff a2 88 00 00 00 cc cc cc cc cc cc cc cc cc
0x00007ff8d2a9c5ea:   cc cc cc cc cc cc 40 53 48 8b 01 41 0f b6 d8 44
0x00007ff8d2a9c5fa:   0f b6 44 24 30 41 0f b6 d1 44 0f b6 4c 24 38 0f
0x00007ff8d2a9c60a:   b6 cb 4c 8b 50 18 5b 49 ff a2 98 01 00 00 cc cc
0x00007ff8d2a9c61a:   cc cc cc cc cc cc 48 8b 01 41 8b c8 48 8b 50 18
0x00007ff8d2a9c62a:   48 ff a2 b8 01 00 00 cc cc cc cc cc cc cc cc cc 


Stack slot to memory mapping:
stack at sp + 0 slots: 0x000001ad07541366 is at code_begin+1958 in an Interpreter codelet
method entry point (kind = native)  [0x000001ad07540bc0, 0x000001ad07541ce0]  4384 bytes
stack at sp + 1 slots: {method} {0x000001ad5453f888} 'glEnable' '(I)V' in 'org/lwjgl/opengl/GL11C'
stack at sp + 2 slots: 0x0000000000002f68 is an unknown value
stack at sp + 3 slots: {method} {0x000001ad54501740} 'glEnable' '(I)V' in 'org/lwjgl/opengl/GL11'
stack at sp + 4 slots: 0x000001ad6fa1a310 is a thread
stack at sp + 5 slots: 0x000001ad07540c76 is at code_begin+182 in an Interpreter codelet
method entry point (kind = native)  [0x000001ad07540bc0, 0x000001ad07541ce0]  4384 bytes
stack at sp + 6 slots: 0x00000067be5ff318 is pointing into the stack for thread: 0x000001ad6fa1a310
stack at sp + 7 slots: 0x000001ad5453f878 is pointing into metadata


---------------  P R O C E S S  ---------------

Threads class SMR info:
_java_thread_list=0x000001ad58cf68c0, length=16, elements={
0x000001ad6fa1a310, 0x000001ad7f99d660, 0x000001ad7f99e220, 0x000001ad58016e40,
0x000001ad58019810, 0x000001ad5801a1d0, 0x000001ad5801ab90, 0x000001ad5801d890,
0x000001ad5802f0a0, 0x000001ad5802faa0, 0x000001ad58174850, 0x000001ad58171a30,
0x000001ad581722b0, 0x000001ad58197870, 0x000001ad581a1390, 0x000001ad58cf6050
}

Java Threads: ( => current thread )
=>0x000001ad6fa1a310 JavaThread "main" [_thread_in_native, id=3796, stack(0x00000067be500000,0x00000067be600000)]
  0x000001ad7f99d660 JavaThread "Reference Handler" daemon [_thread_blocked, id=9648, stack(0x00000067bec00000,0x00000067bed00000)]
  0x000001ad7f99e220 JavaThread "Finalizer" daemon [_thread_blocked, id=13464, stack(0x00000067bed00000,0x00000067bee00000)]
  0x000001ad58016e40 JavaThread "Signal Dispatcher" daemon [_thread_blocked, id=24928, stack(0x00000067bee00000,0x00000067bef00000)]
  0x000001ad58019810 JavaThread "Attach Listener" daemon [_thread_blocked, id=20852, stack(0x00000067bef00000,0x00000067bf000000)]
  0x000001ad5801a1d0 JavaThread "Service Thread" daemon [_thread_blocked, id=1632, stack(0x00000067bf000000,0x00000067bf100000)]
  0x000001ad5801ab90 JavaThread "Monitor Deflation Thread" daemon [_thread_blocked, id=1464, stack(0x00000067bf100000,0x00000067bf200000)]
  0x000001ad5801d890 JavaThread "C2 CompilerThread0" daemon [_thread_blocked, id=16832, stack(0x00000067bf200000,0x00000067bf300000)]
  0x000001ad5802f0a0 JavaThread "C1 CompilerThread0" daemon [_thread_blocked, id=6728, stack(0x00000067bf300000,0x00000067bf400000)]
  0x000001ad5802faa0 JavaThread "Sweeper thread" daemon [_thread_blocked, id=24636, stack(0x00000067bf400000,0x00000067bf500000)]
  0x000001ad58174850 JavaThread "JDWP Transport Listener: dt_socket" daemon [_thread_blocked, id=24372, stack(0x00000067bf500000,0x00000067bf600000)]
  0x000001ad58171a30 JavaThread "JDWP Event Helper Thread" daemon [_thread_blocked, id=23160, stack(0x00000067bf600000,0x00000067bf700000)]
  0x000001ad581722b0 JavaThread "JDWP Command Reader" daemon [_thread_in_native, id=28340, stack(0x00000067bf700000,0x00000067bf800000)]
  0x000001ad58197870 JavaThread "Notification Thread" daemon [_thread_blocked, id=22784, stack(0x00000067bf800000,0x00000067bf900000)]
  0x000001ad581a1390 JavaThread "Common-Cleaner" daemon [_thread_blocked, id=12376, stack(0x00000067bfa00000,0x00000067bfb00000)]
  0x000001ad58cf6050 JavaThread "C2 CompilerThread1" daemon [_thread_blocked, id=5500, stack(0x00000067bfb00000,0x00000067bfc00000)]

Other Threads:
  0x000001ad7f99abc0 VMThread "VM Thread" [stack: 0x00000067beb00000,0x00000067bec00000] [id=19432]
  0x000001ad58187ee0 WatcherThread [stack: 0x00000067bf900000,0x00000067bfa00000] [id=4064]
  0x000001ad6fa82c00 GCTaskThread "GC Thread#0" [stack: 0x00000067be600000,0x00000067be700000] [id=20404]
  0x000001ad6fa93900 ConcurrentGCThread "G1 Main Marker" [stack: 0x00000067be700000,0x00000067be800000] [id=9740]
  0x000001ad6fa96980 ConcurrentGCThread "G1 Conc#0" [stack: 0x00000067be800000,0x00000067be900000] [id=3168]
  0x000001ad7f84c980 ConcurrentGCThread "G1 Refine#0" [stack: 0x00000067be900000,0x00000067bea00000] [id=7840]
  0x000001ad7f84e260 ConcurrentGCThread "G1 Service" [stack: 0x00000067bea00000,0x00000067beb00000] [id=23872]

Threads with active compile tasks:

VM state: not at safepoint (normal execution)

VM Mutex/Monitor currently owned by a thread: None

Heap address: 0x0000000703a00000, size: 4038 MB, Compressed Oops mode: Zero based, Oop shift amount: 3

CDS archive(s) mapped at: [0x000001ad13000000-0x000001ad13bd0000-0x000001ad13bd0000), size 12386304, SharedBaseAddress: 0x000001ad13000000, ArchiveRelocationMode: 1.
Compressed class space mapped at: 0x000001ad14000000-0x000001ad54000000, reserved size: 1073741824
Narrow klass base: 0x000001ad13000000, Narrow klass shift: 0, Narrow klass range: 0x100000000

GC Precious Log:
 CPUs: 8 total, 8 available
 Memory: 16151M
 Large Page Support: Disabled
 NUMA Support: Disabled
 Compressed Oops: Enabled (Zero based)
 Heap Region Size: 2M
 Heap Min Capacity: 8M
 Heap Initial Capacity: 254M
 Heap Max Capacity: 4038M
 Pre-touch: Disabled
 Parallel Workers: 8
 Concurrent Workers: 2
 Concurrent Refinement Workers: 8
 Periodic GC: Disabled

Heap:
 garbage-first heap   total 260096K, used 8192K [0x0000000703a00000, 0x0000000800000000)
  region size 2048K, 4 young (8192K), 0 survivors (0K)
 Metaspace       used 3052K, committed 3264K, reserved 1114112K
  class space    used 216K, committed 320K, reserved 1048576K

Heap Regions: E=young(eden), S=young(survivor), O=old, HS=humongous(starts), HC=humongous(continues), CS=collection set, F=free, OA=open archive, CA=closed archive, TAMS=top-at-mark-start (previous, next)
|   0|0x0000000703a00000, 0x0000000703c00000, 0x0000000703c00000|100%|HS|  |TAMS 0x0000000703a00000, 0x0000000703a00000| Complete 
|   1|0x0000000703c00000, 0x0000000703c00000, 0x0000000703e00000|  0%| F|  |TAMS 0x0000000703c00000, 0x0000000703c00000| Untracked 
|   2|0x0000000703e00000, 0x0000000703e00000, 0x0000000704000000|  0%| F|  |TAMS 0x0000000703e00000, 0x0000000703e00000| Untracked 
|   3|0x0000000704000000, 0x0000000704000000, 0x0000000704200000|  0%| F|  |TAMS 0x0000000704000000, 0x0000000704000000| Untracked 
|   4|0x0000000704200000, 0x0000000704200000, 0x0000000704400000|  0%| F|  |TAMS 0x0000000704200000, 0x0000000704200000| Untracked 
|   5|0x0000000704400000, 0x0000000704400000, 0x0000000704600000|  0%| F|  |TAMS 0x0000000704400000, 0x0000000704400000| Untracked 
|   6|0x0000000704600000, 0x0000000704600000, 0x0000000704800000|  0%| F|  |TAMS 0x0000000704600000, 0x0000000704600000| Untracked 
|   7|0x0000000704800000, 0x0000000704800000, 0x0000000704a00000|  0%| F|  |TAMS 0x0000000704800000, 0x0000000704800000| Untracked 
|   8|0x0000000704a00000, 0x0000000704a00000, 0x0000000704c00000|  0%| F|  |TAMS 0x0000000704a00000, 0x0000000704a00000| Untracked 
|   9|0x0000000704c00000, 0x0000000704c00000, 0x0000000704e00000|  0%| F|  |TAMS 0x0000000704c00000, 0x0000000704c00000| Untracked 
|  10|0x0000000704e00000, 0x0000000704e00000, 0x0000000705000000|  0%| F|  |TAMS 0x0000000704e00000, 0x0000000704e00000| Untracked 
|  11|0x0000000705000000, 0x0000000705000000, 0x0000000705200000|  0%| F|  |TAMS 0x0000000705000000, 0x0000000705000000| Untracked 
|  12|0x0000000705200000, 0x0000000705200000, 0x0000000705400000|  0%| F|  |TAMS 0x0000000705200000, 0x0000000705200000| Untracked 
|  13|0x0000000705400000, 0x0000000705400000, 0x0000000705600000|  0%| F|  |TAMS 0x0000000705400000, 0x0000000705400000| Untracked 
|  14|0x0000000705600000, 0x0000000705600000, 0x0000000705800000|  0%| F|  |TAMS 0x0000000705600000, 0x0000000705600000| Untracked 
|  15|0x0000000705800000, 0x0000000705800000, 0x0000000705a00000|  0%| F|  |TAMS 0x0000000705800000, 0x0000000705800000| Untracked 
|  16|0x0000000705a00000, 0x0000000705a00000, 0x0000000705c00000|  0%| F|  |TAMS 0x0000000705a00000, 0x0000000705a00000| Untracked 
|  17|0x0000000705c00000, 0x0000000705c00000, 0x0000000705e00000|  0%| F|  |TAMS 0x0000000705c00000, 0x0000000705c00000| Untracked 
|  18|0x0000000705e00000, 0x0000000705e00000, 0x0000000706000000|  0%| F|  |TAMS 0x0000000705e00000, 0x0000000705e00000| Untracked 
|  19|0x0000000706000000, 0x0000000706000000, 0x0000000706200000|  0%| F|  |TAMS 0x0000000706000000, 0x0000000706000000| Untracked 
|  20|0x0000000706200000, 0x0000000706200000, 0x0000000706400000|  0%| F|  |TAMS 0x0000000706200000, 0x0000000706200000| Untracked 
|  21|0x0000000706400000, 0x0000000706400000, 0x0000000706600000|  0%| F|  |TAMS 0x0000000706400000, 0x0000000706400000| Untracked 
|  22|0x0000000706600000, 0x0000000706600000, 0x0000000706800000|  0%| F|  |TAMS 0x0000000706600000, 0x0000000706600000| Untracked 
|  23|0x0000000706800000, 0x0000000706800000, 0x0000000706a00000|  0%| F|  |TAMS 0x0000000706800000, 0x0000000706800000| Untracked 
|  24|0x0000000706a00000, 0x0000000706a00000, 0x0000000706c00000|  0%| F|  |TAMS 0x0000000706a00000, 0x0000000706a00000| Untracked 
|  25|0x0000000706c00000, 0x0000000706c00000, 0x0000000706e00000|  0%| F|  |TAMS 0x0000000706c00000, 0x0000000706c00000| Untracked 
|  26|0x0000000706e00000, 0x0000000706e00000, 0x0000000707000000|  0%| F|  |TAMS 0x0000000706e00000, 0x0000000706e00000| Untracked 
|  27|0x0000000707000000, 0x0000000707000000, 0x0000000707200000|  0%| F|  |TAMS 0x0000000707000000, 0x0000000707000000| Untracked 
|  28|0x0000000707200000, 0x0000000707200000, 0x0000000707400000|  0%| F|  |TAMS 0x0000000707200000, 0x0000000707200000| Untracked 
|  29|0x0000000707400000, 0x0000000707400000, 0x0000000707600000|  0%| F|  |TAMS 0x0000000707400000, 0x0000000707400000| Untracked 
|  30|0x0000000707600000, 0x0000000707600000, 0x0000000707800000|  0%| F|  |TAMS 0x0000000707600000, 0x0000000707600000| Untracked 
|  31|0x0000000707800000, 0x0000000707800000, 0x0000000707a00000|  0%| F|  |TAMS 0x0000000707800000, 0x0000000707800000| Untracked 
|  32|0x0000000707a00000, 0x0000000707a00000, 0x0000000707c00000|  0%| F|  |TAMS 0x0000000707a00000, 0x0000000707a00000| Untracked 
|  33|0x0000000707c00000, 0x0000000707c00000, 0x0000000707e00000|  0%| F|  |TAMS 0x0000000707c00000, 0x0000000707c00000| Untracked 
|  34|0x0000000707e00000, 0x0000000707e00000, 0x0000000708000000|  0%| F|  |TAMS 0x0000000707e00000, 0x0000000707e00000| Untracked 
|  35|0x0000000708000000, 0x0000000708000000, 0x0000000708200000|  0%| F|  |TAMS 0x0000000708000000, 0x0000000708000000| Untracked 
|  36|0x0000000708200000, 0x0000000708200000, 0x0000000708400000|  0%| F|  |TAMS 0x0000000708200000, 0x0000000708200000| Untracked 
|  37|0x0000000708400000, 0x0000000708400000, 0x0000000708600000|  0%| F|  |TAMS 0x0000000708400000, 0x0000000708400000| Untracked 
|  38|0x0000000708600000, 0x0000000708600000, 0x0000000708800000|  0%| F|  |TAMS 0x0000000708600000, 0x0000000708600000| Untracked 
|  39|0x0000000708800000, 0x0000000708800000, 0x0000000708a00000|  0%| F|  |TAMS 0x0000000708800000, 0x0000000708800000| Untracked 
|  40|0x0000000708a00000, 0x0000000708a00000, 0x0000000708c00000|  0%| F|  |TAMS 0x0000000708a00000, 0x0000000708a00000| Untracked 
|  41|0x0000000708c00000, 0x0000000708c00000, 0x0000000708e00000|  0%| F|  |TAMS 0x0000000708c00000, 0x0000000708c00000| Untracked 
|  42|0x0000000708e00000, 0x0000000708e00000, 0x0000000709000000|  0%| F|  |TAMS 0x0000000708e00000, 0x0000000708e00000| Untracked 
|  43|0x0000000709000000, 0x0000000709000000, 0x0000000709200000|  0%| F|  |TAMS 0x0000000709000000, 0x0000000709000000| Untracked 
|  44|0x0000000709200000, 0x0000000709200000, 0x0000000709400000|  0%| F|  |TAMS 0x0000000709200000, 0x0000000709200000| Untracked 
|  45|0x0000000709400000, 0x0000000709400000, 0x0000000709600000|  0%| F|  |TAMS 0x0000000709400000, 0x0000000709400000| Untracked 
|  46|0x0000000709600000, 0x0000000709600000, 0x0000000709800000|  0%| F|  |TAMS 0x0000000709600000, 0x0000000709600000| Untracked 
|  47|0x0000000709800000, 0x0000000709800000, 0x0000000709a00000|  0%| F|  |TAMS 0x0000000709800000, 0x0000000709800000| Untracked 
|  48|0x0000000709a00000, 0x0000000709a00000, 0x0000000709c00000|  0%| F|  |TAMS 0x0000000709a00000, 0x0000000709a00000| Untracked 
|  49|0x0000000709c00000, 0x0000000709c00000, 0x0000000709e00000|  0%| F|  |TAMS 0x0000000709c00000, 0x0000000709c00000| Untracked 
|  50|0x0000000709e00000, 0x0000000709e00000, 0x000000070a000000|  0%| F|  |TAMS 0x0000000709e00000, 0x0000000709e00000| Untracked 
|  51|0x000000070a000000, 0x000000070a000000, 0x000000070a200000|  0%| F|  |TAMS 0x000000070a000000, 0x000000070a000000| Untracked 
|  52|0x000000070a200000, 0x000000070a200000, 0x000000070a400000|  0%| F|  |TAMS 0x000000070a200000, 0x000000070a200000| Untracked 
|  53|0x000000070a400000, 0x000000070a400000, 0x000000070a600000|  0%| F|  |TAMS 0x000000070a400000, 0x000000070a400000| Untracked 
|  54|0x000000070a600000, 0x000000070a600000, 0x000000070a800000|  0%| F|  |TAMS 0x000000070a600000, 0x000000070a600000| Untracked 
|  55|0x000000070a800000, 0x000000070a800000, 0x000000070aa00000|  0%| F|  |TAMS 0x000000070a800000, 0x000000070a800000| Untracked 
|  56|0x000000070aa00000, 0x000000070aa00000, 0x000000070ac00000|  0%| F|  |TAMS 0x000000070aa00000, 0x000000070aa00000| Untracked 
|  57|0x000000070ac00000, 0x000000070ac00000, 0x000000070ae00000|  0%| F|  |TAMS 0x000000070ac00000, 0x000000070ac00000| Untracked 
|  58|0x000000070ae00000, 0x000000070ae00000, 0x000000070b000000|  0%| F|  |TAMS 0x000000070ae00000, 0x000000070ae00000| Untracked 
|  59|0x000000070b000000, 0x000000070b000000, 0x000000070b200000|  0%| F|  |TAMS 0x000000070b000000, 0x000000070b000000| Untracked 
|  60|0x000000070b200000, 0x000000070b200000, 0x000000070b400000|  0%| F|  |TAMS 0x000000070b200000, 0x000000070b200000| Untracked 
|  61|0x000000070b400000, 0x000000070b400000, 0x000000070b600000|  0%| F|  |TAMS 0x000000070b400000, 0x000000070b400000| Untracked 
|  62|0x000000070b600000, 0x000000070b600000, 0x000000070b800000|  0%| F|  |TAMS 0x000000070b600000, 0x000000070b600000| Untracked 
|  63|0x000000070b800000, 0x000000070b800000, 0x000000070ba00000|  0%| F|  |TAMS 0x000000070b800000, 0x000000070b800000| Untracked 
|  64|0x000000070ba00000, 0x000000070ba00000, 0x000000070bc00000|  0%| F|  |TAMS 0x000000070ba00000, 0x000000070ba00000| Untracked 
|  65|0x000000070bc00000, 0x000000070bc00000, 0x000000070be00000|  0%| F|  |TAMS 0x000000070bc00000, 0x000000070bc00000| Untracked 
|  66|0x000000070be00000, 0x000000070be00000, 0x000000070c000000|  0%| F|  |TAMS 0x000000070be00000, 0x000000070be00000| Untracked 
|  67|0x000000070c000000, 0x000000070c000000, 0x000000070c200000|  0%| F|  |TAMS 0x000000070c000000, 0x000000070c000000| Untracked 
|  68|0x000000070c200000, 0x000000070c200000, 0x000000070c400000|  0%| F|  |TAMS 0x000000070c200000, 0x000000070c200000| Untracked 
|  69|0x000000070c400000, 0x000000070c400000, 0x000000070c600000|  0%| F|  |TAMS 0x000000070c400000, 0x000000070c400000| Untracked 
|  70|0x000000070c600000, 0x000000070c600000, 0x000000070c800000|  0%| F|  |TAMS 0x000000070c600000, 0x000000070c600000| Untracked 
|  71|0x000000070c800000, 0x000000070c800000, 0x000000070ca00000|  0%| F|  |TAMS 0x000000070c800000, 0x000000070c800000| Untracked 
|  72|0x000000070ca00000, 0x000000070ca00000, 0x000000070cc00000|  0%| F|  |TAMS 0x000000070ca00000, 0x000000070ca00000| Untracked 
|  73|0x000000070cc00000, 0x000000070cc00000, 0x000000070ce00000|  0%| F|  |TAMS 0x000000070cc00000, 0x000000070cc00000| Untracked 
|  74|0x000000070ce00000, 0x000000070ce00000, 0x000000070d000000|  0%| F|  |TAMS 0x000000070ce00000, 0x000000070ce00000| Untracked 
|  75|0x000000070d000000, 0x000000070d000000, 0x000000070d200000|  0%| F|  |TAMS 0x000000070d000000, 0x000000070d000000| Untracked 
|  76|0x000000070d200000, 0x000000070d200000, 0x000000070d400000|  0%| F|  |TAMS 0x000000070d200000, 0x000000070d200000| Untracked 
|  77|0x000000070d400000, 0x000000070d400000, 0x000000070d600000|  0%| F|  |TAMS 0x000000070d400000, 0x000000070d400000| Untracked 
|  78|0x000000070d600000, 0x000000070d600000, 0x000000070d800000|  0%| F|  |TAMS 0x000000070d600000, 0x000000070d600000| Untracked 
|  79|0x000000070d800000, 0x000000070d800000, 0x000000070da00000|  0%| F|  |TAMS 0x000000070d800000, 0x000000070d800000| Untracked 
|  80|0x000000070da00000, 0x000000070da00000, 0x000000070dc00000|  0%| F|  |TAMS 0x000000070da00000, 0x000000070da00000| Untracked 
|  81|0x000000070dc00000, 0x000000070dc00000, 0x000000070de00000|  0%| F|  |TAMS 0x000000070dc00000, 0x000000070dc00000| Untracked 
|  82|0x000000070de00000, 0x000000070de00000, 0x000000070e000000|  0%| F|  |TAMS 0x000000070de00000, 0x000000070de00000| Untracked 
|  83|0x000000070e000000, 0x000000070e000000, 0x000000070e200000|  0%| F|  |TAMS 0x000000070e000000, 0x000000070e000000| Untracked 
|  84|0x000000070e200000, 0x000000070e200000, 0x000000070e400000|  0%| F|  |TAMS 0x000000070e200000, 0x000000070e200000| Untracked 
|  85|0x000000070e400000, 0x000000070e400000, 0x000000070e600000|  0%| F|  |TAMS 0x000000070e400000, 0x000000070e400000| Untracked 
|  86|0x000000070e600000, 0x000000070e600000, 0x000000070e800000|  0%| F|  |TAMS 0x000000070e600000, 0x000000070e600000| Untracked 
|  87|0x000000070e800000, 0x000000070e800000, 0x000000070ea00000|  0%| F|  |TAMS 0x000000070e800000, 0x000000070e800000| Untracked 
|  88|0x000000070ea00000, 0x000000070ea00000, 0x000000070ec00000|  0%| F|  |TAMS 0x000000070ea00000, 0x000000070ea00000| Untracked 
|  89|0x000000070ec00000, 0x000000070ec00000, 0x000000070ee00000|  0%| F|  |TAMS 0x000000070ec00000, 0x000000070ec00000| Untracked 
|  90|0x000000070ee00000, 0x000000070ee00000, 0x000000070f000000|  0%| F|  |TAMS 0x000000070ee00000, 0x000000070ee00000| Untracked 
|  91|0x000000070f000000, 0x000000070f000000, 0x000000070f200000|  0%| F|  |TAMS 0x000000070f000000, 0x000000070f000000| Untracked 
|  92|0x000000070f200000, 0x000000070f200000, 0x000000070f400000|  0%| F|  |TAMS 0x000000070f200000, 0x000000070f200000| Untracked 
|  93|0x000000070f400000, 0x000000070f400000, 0x000000070f600000|  0%| F|  |TAMS 0x000000070f400000, 0x000000070f400000| Untracked 
|  94|0x000000070f600000, 0x000000070f600000, 0x000000070f800000|  0%| F|  |TAMS 0x000000070f600000, 0x000000070f600000| Untracked 
|  95|0x000000070f800000, 0x000000070f800000, 0x000000070fa00000|  0%| F|  |TAMS 0x000000070f800000, 0x000000070f800000| Untracked 
|  96|0x000000070fa00000, 0x000000070fa00000, 0x000000070fc00000|  0%| F|  |TAMS 0x000000070fa00000, 0x000000070fa00000| Untracked 
|  97|0x000000070fc00000, 0x000000070fc00000, 0x000000070fe00000|  0%| F|  |TAMS 0x000000070fc00000, 0x000000070fc00000| Untracked 
|  98|0x000000070fe00000, 0x000000070fe00000, 0x0000000710000000|  0%| F|  |TAMS 0x000000070fe00000, 0x000000070fe00000| Untracked 
|  99|0x0000000710000000, 0x0000000710000000, 0x0000000710200000|  0%| F|  |TAMS 0x0000000710000000, 0x0000000710000000| Untracked 
| 100|0x0000000710200000, 0x0000000710200000, 0x0000000710400000|  0%| F|  |TAMS 0x0000000710200000, 0x0000000710200000| Untracked 
| 101|0x0000000710400000, 0x0000000710400000, 0x0000000710600000|  0%| F|  |TAMS 0x0000000710400000, 0x0000000710400000| Untracked 
| 102|0x0000000710600000, 0x0000000710600000, 0x0000000710800000|  0%| F|  |TAMS 0x0000000710600000, 0x0000000710600000| Untracked 
| 103|0x0000000710800000, 0x0000000710800000, 0x0000000710a00000|  0%| F|  |TAMS 0x0000000710800000, 0x0000000710800000| Untracked 
| 104|0x0000000710a00000, 0x0000000710a00000, 0x0000000710c00000|  0%| F|  |TAMS 0x0000000710a00000, 0x0000000710a00000| Untracked 
| 105|0x0000000710c00000, 0x0000000710c00000, 0x0000000710e00000|  0%| F|  |TAMS 0x0000000710c00000, 0x0000000710c00000| Untracked 
| 106|0x0000000710e00000, 0x0000000710e00000, 0x0000000711000000|  0%| F|  |TAMS 0x0000000710e00000, 0x0000000710e00000| Untracked 
| 107|0x0000000711000000, 0x0000000711000000, 0x0000000711200000|  0%| F|  |TAMS 0x0000000711000000, 0x0000000711000000| Untracked 
| 108|0x0000000711200000, 0x0000000711200000, 0x0000000711400000|  0%| F|  |TAMS 0x0000000711200000, 0x0000000711200000| Untracked 
| 109|0x0000000711400000, 0x0000000711400000, 0x0000000711600000|  0%| F|  |TAMS 0x0000000711400000, 0x0000000711400000| Untracked 
| 110|0x0000000711600000, 0x0000000711600000, 0x0000000711800000|  0%| F|  |TAMS 0x0000000711600000, 0x0000000711600000| Untracked 
| 111|0x0000000711800000, 0x0000000711800000, 0x0000000711a00000|  0%| F|  |TAMS 0x0000000711800000, 0x0000000711800000| Untracked 
| 112|0x0000000711a00000, 0x0000000711a00000, 0x0000000711c00000|  0%| F|  |TAMS 0x0000000711a00000, 0x0000000711a00000| Untracked 
| 113|0x0000000711c00000, 0x0000000711c00000, 0x0000000711e00000|  0%| F|  |TAMS 0x0000000711c00000, 0x0000000711c00000| Untracked 
| 114|0x0000000711e00000, 0x0000000711e00000, 0x0000000712000000|  0%| F|  |TAMS 0x0000000711e00000, 0x0000000711e00000| Untracked 
| 115|0x0000000712000000, 0x0000000712000000, 0x0000000712200000|  0%| F|  |TAMS 0x0000000712000000, 0x0000000712000000| Untracked 
| 116|0x0000000712200000, 0x0000000712200000, 0x0000000712400000|  0%| F|  |TAMS 0x0000000712200000, 0x0000000712200000| Untracked 
| 117|0x0000000712400000, 0x0000000712400000, 0x0000000712600000|  0%| F|  |TAMS 0x0000000712400000, 0x0000000712400000| Untracked 
| 118|0x0000000712600000, 0x0000000712600000, 0x0000000712800000|  0%| F|  |TAMS 0x0000000712600000, 0x0000000712600000| Untracked 
| 119|0x0000000712800000, 0x0000000712800000, 0x0000000712a00000|  0%| F|  |TAMS 0x0000000712800000, 0x0000000712800000| Untracked 
| 120|0x0000000712a00000, 0x0000000712a00000, 0x0000000712c00000|  0%| F|  |TAMS 0x0000000712a00000, 0x0000000712a00000| Untracked 
| 121|0x0000000712c00000, 0x0000000712c00000, 0x0000000712e00000|  0%| F|  |TAMS 0x0000000712c00000, 0x0000000712c00000| Untracked 
| 122|0x0000000712e00000, 0x0000000712e00000, 0x0000000713000000|  0%| F|  |TAMS 0x0000000712e00000, 0x0000000712e00000| Untracked 
| 123|0x0000000713000000, 0x0000000713102d68, 0x0000000713200000| 50%| E|  |TAMS 0x0000000713000000, 0x0000000713000000| Complete 
| 124|0x0000000713200000, 0x0000000713400000, 0x0000000713400000|100%| E|CS|TAMS 0x0000000713200000, 0x0000000713200000| Complete 
| 125|0x0000000713400000, 0x0000000713600000, 0x0000000713600000|100%| E|CS|TAMS 0x0000000713400000, 0x0000000713400000| Complete 
| 126|0x0000000713600000, 0x0000000713800000, 0x0000000713800000|100%| E|CS|TAMS 0x0000000713600000, 0x0000000713600000| Complete 

Card table byte_map: [0x000001ad78010000,0x000001ad78800000] _byte_map_base: 0x000001ad747f3000

Marking Bits (Prev, Next): (CMBitMap*) 0x000001ad6fa83220, (CMBitMap*) 0x000001ad6fa83260
 Prev Bits: [0x000001ad78ff0000, 0x000001ad7cf08000)
 Next Bits: [0x000001ad0f000000, 0x000001ad12f18000)

Polling page: 0x000001ad6f1c0000

Metaspace:

Usage:
  Non-class:      2.77 MB used.
      Class:    216.71 KB used.
       Both:      2.98 MB used.

Virtual space:
  Non-class space:       64.00 MB reserved,       2.88 MB (  4%) committed,  1 nodes.
      Class space:        1.00 GB reserved,     320.00 KB ( <1%) committed,  1 nodes.
             Both:        1.06 GB reserved,       3.19 MB ( <1%) committed. 

Chunk freelists:
   Non-Class:  10.72 MB
       Class:  15.64 MB
        Both:  26.36 MB

MaxMetaspaceSize: unlimited
CompressedClassSpaceSize: 1.00 GB
Initial GC threshold: 21.00 MB
Current GC threshold: 21.00 MB
CDS: on
MetaspaceReclaimPolicy: balanced
 - commit_granule_bytes: 65536.
 - commit_granule_words: 8192.
 - virtual_space_node_default_size: 8388608.
 - enlarge_chunks_in_place: 1.
 - new_chunks_are_fully_committed: 0.
 - uncommit_free_chunks: 1.
 - use_allocation_guard: 0.
 - handle_deallocations: 1.


Internal statistics:

num_allocs_failed_limit: 0.
num_arena_births: 80.
num_arena_deaths: 0.
num_vsnodes_births: 2.
num_vsnodes_deaths: 0.
num_space_committed: 51.
num_space_uncommitted: 0.
num_chunks_returned_to_freelist: 0.
num_chunks_taken_from_freelist: 159.
num_chunk_merges: 0.
num_chunk_splits: 98.
num_chunks_enlarged: 64.
num_inconsistent_stats: 0.

CodeHeap 'non-profiled nmethods': size=120000Kb used=189Kb max_used=189Kb free=119810Kb
 bounds [0x000001ad07ad0000, 0x000001ad07d40000, 0x000001ad0f000000]
CodeHeap 'profiled nmethods': size=120000Kb used=928Kb max_used=928Kb free=119071Kb
 bounds [0x000001ad00000000, 0x000001ad00270000, 0x000001ad07530000]
CodeHeap 'non-nmethods': size=5760Kb used=1662Kb max_used=1677Kb free=4097Kb
 bounds [0x000001ad07530000, 0x000001ad077a0000, 0x000001ad07ad0000]
 total_blobs=1617 nmethods=608 adapters=922
 compilation: enabled
              stopped_count=0, restarted_count=0
 full_count=0

Compilation events (20 events):
Event: 0.685 Thread 0x000001ad5802f0a0 nmethod 593 0x000001ad000e4190 code [0x000001ad000e4360, 0x000001ad000e4818]
Event: 0.685 Thread 0x000001ad5802f0a0  596   !   3       java.util.zip.InflaterInputStream::read (138 bytes)
Event: 0.686 Thread 0x000001ad5802f0a0 nmethod 596 0x000001ad000e4a10 code [0x000001ad000e4ce0, 0x000001ad000e5a58]
Event: 0.686 Thread 0x000001ad5802f0a0  597       3       sun.security.provider.DigestBase::implCompressMultiBlock0 (23 bytes)
Event: 0.686 Thread 0x000001ad5802f0a0 nmethod 597 0x000001ad000e6090 code [0x000001ad000e6240, 0x000001ad000e64e8]
Event: 0.686 Thread 0x000001ad5802f0a0  595       3       java.io.InputStream::<init> (5 bytes)
Event: 0.686 Thread 0x000001ad5802f0a0 nmethod 595 0x000001ad000e6610 code [0x000001ad000e67a0, 0x000001ad000e68f8]
Event: 0.687 Thread 0x000001ad5802f0a0  599       3       jdk.internal.jimage.BasicImageReader::getLocationIndex (52 bytes)
Event: 0.687 Thread 0x000001ad5802f0a0 nmethod 599 0x000001ad000e6990 code [0x000001ad000e6b80, 0x000001ad000e7038]
Event: 0.687 Thread 0x000001ad5802f0a0  600       3       jdk.internal.jimage.ImageStringsReader::hashCode (8 bytes)
Event: 0.687 Thread 0x000001ad5802f0a0 nmethod 600 0x000001ad000e7290 code [0x000001ad000e7440, 0x000001ad000e7618]
Event: 0.687 Thread 0x000001ad5802f0a0  602       3       jdk.internal.jimage.ImageStringsReader::match (11 bytes)
Event: 0.687 Thread 0x000001ad5802f0a0 nmethod 602 0x000001ad000e7710 code [0x000001ad000e78c0, 0x000001ad000e7aa8]
Event: 0.688 Thread 0x000001ad5802f0a0  604       3       sun.misc.Unsafe::putLong (11 bytes)
Event: 0.688 Thread 0x000001ad5802f0a0 nmethod 604 0x000001ad000e7b90 code [0x000001ad000e7d20, 0x000001ad000e7e38]
Event: 0.688 Thread 0x000001ad5802f0a0  605       3       org.lwjgl.system.MemoryUtil::memPutAddress (29 bytes)
Event: 0.688 Thread 0x000001ad5802f0a0 nmethod 605 0x000001ad000e7f10 code [0x000001ad000e80c0, 0x000001ad000e82b8]
Event: 0.688 Thread 0x000001ad5802f0a0  608       1       java.lang.NamedPackage::module (5 bytes)
Event: 0.688 Thread 0x000001ad5802f0a0 nmethod 608 0x000001ad07afd910 code [0x000001ad07afdaa0, 0x000001ad07afdb78]
Event: 0.688 Thread 0x000001ad58cf6050  601       4       jdk.internal.jimage.ImageStringsReader::unmaskedHashCode (166 bytes)

GC Heap History (0 events):
No events

Dll operation events (8 events):
Event: 0.019 Loaded shared library C:\Program Files\Eclipse Adoptium\jdk-17.0.8.7-hotspot\bin\java.dll
Event: 0.043 Loaded shared library C:\Program Files\Eclipse Adoptium\jdk-17.0.8.7-hotspot\bin\jsvml.dll
Event: 0.303 Loaded shared library C:\Program Files\Eclipse Adoptium\jdk-17.0.8.7-hotspot\bin\net.dll
Event: 0.304 Loaded shared library C:\Program Files\Eclipse Adoptium\jdk-17.0.8.7-hotspot\bin\nio.dll
Event: 0.309 Loaded shared library C:\Program Files\Eclipse Adoptium\jdk-17.0.8.7-hotspot\bin\zip.dll
Event: 0.381 Loaded shared library C:\Program Files\Eclipse Adoptium\jdk-17.0.8.7-hotspot\bin\jimage.dll
Event: 0.404 Loaded shared library C:\Users\autum\AppData\Local\Temp\lwjgl_autum\3.3.3+5\x64\lwjgl.dll
Event: 0.684 Loaded shared library C:\Users\autum\AppData\Local\Temp\lwjgl_autum\3.3.3+5\x64\lwjgl_opengl.dll

Deoptimization events (20 events):
Event: 0.458 Thread 0x000001ad6fa1a310 DEOPT PACKING pc=0x000001ad0005fabc sp=0x00000067be5f82c0
Event: 0.458 Thread 0x000001ad6fa1a310 DEOPT UNPACKING pc=0x000001ad0758ace3 sp=0x00000067be5f77a0 mode 1
Event: 0.458 Thread 0x000001ad6fa1a310 DEOPT PACKING pc=0x000001ad0005fabc sp=0x00000067be5f82c0
Event: 0.458 Thread 0x000001ad6fa1a310 DEOPT UNPACKING pc=0x000001ad0758ace3 sp=0x00000067be5f77a0 mode 1
Event: 0.458 Thread 0x000001ad6fa1a310 DEOPT PACKING pc=0x000001ad0005fabc sp=0x00000067be5f82c0
Event: 0.458 Thread 0x000001ad6fa1a310 DEOPT UNPACKING pc=0x000001ad0758ace3 sp=0x00000067be5f77a0 mode 1
Event: 0.459 Thread 0x000001ad6fa1a310 DEOPT PACKING pc=0x000001ad0005fabc sp=0x00000067be5f82c0
Event: 0.459 Thread 0x000001ad6fa1a310 DEOPT UNPACKING pc=0x000001ad0758ace3 sp=0x00000067be5f77a0 mode 1
Event: 0.459 Thread 0x000001ad6fa1a310 DEOPT PACKING pc=0x000001ad0005fabc sp=0x00000067be5f82c0
Event: 0.459 Thread 0x000001ad6fa1a310 DEOPT UNPACKING pc=0x000001ad0758ace3 sp=0x00000067be5f77a0 mode 1
Event: 0.466 Thread 0x000001ad6fa1a310 DEOPT PACKING pc=0x000001ad0005fabc sp=0x00000067be5fcff0
Event: 0.466 Thread 0x000001ad6fa1a310 DEOPT UNPACKING pc=0x000001ad0758ace3 sp=0x00000067be5fc4d0 mode 1
Event: 0.467 Thread 0x000001ad6fa1a310 DEOPT PACKING pc=0x000001ad0005fabc sp=0x00000067be5fcff0
Event: 0.467 Thread 0x000001ad6fa1a310 DEOPT UNPACKING pc=0x000001ad0758ace3 sp=0x00000067be5fc4d0 mode 1
Event: 0.467 Thread 0x000001ad6fa1a310 DEOPT PACKING pc=0x000001ad0005fabc sp=0x00000067be5fcff0
Event: 0.467 Thread 0x000001ad6fa1a310 DEOPT UNPACKING pc=0x000001ad0758ace3 sp=0x00000067be5fc4d0 mode 1
Event: 0.467 Thread 0x000001ad6fa1a310 DEOPT PACKING pc=0x000001ad0005fabc sp=0x00000067be5fcff0
Event: 0.467 Thread 0x000001ad6fa1a310 DEOPT UNPACKING pc=0x000001ad0758ace3 sp=0x00000067be5fc4d0 mode 1
Event: 0.467 Thread 0x000001ad6fa1a310 DEOPT PACKING pc=0x000001ad0005fabc sp=0x00000067be5fcff0
Event: 0.467 Thread 0x000001ad6fa1a310 DEOPT UNPACKING pc=0x000001ad0758ace3 sp=0x00000067be5fc4d0 mode 1

Classes unloaded (0 events):
No events

Classes redefined (0 events):
No events

Internal exceptions (20 events):
Event: 0.358 Thread 0x000001ad6fa1a310 Exception <a 'java/lang/NoSuchMethodError'{0x0000000713555688}: 'java.lang.Object java.lang.invoke.DirectMethodHandle$Holder.invokeStaticInit(java.lang.Object)'> (0x0000000713555688) 
thrown [s\src\hotspot\share\interpreter\linkResolver.cpp, line 759]
Event: 0.370 Thread 0x000001ad6fa1a310 Exception <a 'java/lang/NoSuchMethodError'{0x00000007135b8da0}: 'void java.lang.invoke.DirectMethodHandle$Holder.invokeStatic(java.lang.Object, java.lang.Object)'> (0x00000007135b8da0) 
thrown [s\src\hotspot\share\interpreter\linkResolver.cpp, line 759]
Event: 0.370 Thread 0x000001ad6fa1a310 Exception <a 'java/lang/NoSuchMethodError'{0x00000007135be5e8}: 'void java.lang.invoke.DirectMethodHandle$Holder.invokeSpecial(java.lang.Object, java.lang.Object, java.lang.Object)'> (0x00000007135be5e8) 
thrown [s\src\hotspot\share\interpreter\linkResolver.cpp, line 759]
Event: 0.373 Thread 0x000001ad6fa1a310 Exception <a 'java/lang/NoSuchMethodError'{0x00000007135d0318}: 'java.lang.Object java.lang.invoke.DirectMethodHandle$Holder.invokeStatic(java.lang.Object, java.lang.Object, int)'> (0x00000007135d0318) 
thrown [s\src\hotspot\share\interpreter\linkResolver.cpp, line 759]
Event: 0.375 Thread 0x000001ad6fa1a310 Exception <a 'java/lang/NoSuchMethodError'{0x00000007135dc280}: 'void java.lang.invoke.DelegatingMethodHandle$Holder.delegate(java.lang.Object, java.lang.Object, int, java.lang.Object)'> (0x00000007135dc280) 
thrown [s\src\hotspot\share\interpreter\linkResolver.cpp, line 759]
Event: 0.375 Thread 0x000001ad6fa1a310 Exception <a 'java/lang/NoSuchMethodError'{0x00000007135e04c0}: 'int java.lang.invoke.DirectMethodHandle$Holder.invokeSpecial(java.lang.Object, java.lang.Object, java.lang.Object)'> (0x00000007135e04c0) 
thrown [s\src\hotspot\share\interpreter\linkResolver.cpp, line 759]
Event: 0.402 Thread 0x000001ad6fa1a310 Exception <a 'sun/nio/fs/WindowsException'{0x0000000713237830}> (0x0000000713237830) 
thrown [s\src\hotspot\share\prims\jni.cpp, line 516]
Event: 0.402 Thread 0x000001ad6fa1a310 Exception <a 'sun/nio/fs/WindowsException'{0x0000000713237d80}> (0x0000000713237d80) 
thrown [s\src\hotspot\share\prims\jni.cpp, line 516]
Event: 0.460 Thread 0x000001ad6fa1a310 Exception <a 'java/lang/NoSuchMethodError'{0x00000007132ebe00}: 'int java.lang.invoke.DirectMethodHandle$Holder.invokeStaticInit(java.lang.Object, java.lang.Object, int, long)'> (0x00000007132ebe00) 
thrown [s\src\hotspot\share\interpreter\linkResolver.cpp, line 759]
Event: 0.460 Thread 0x000001ad6fa1a310 Exception <a 'java/lang/NoSuchMethodError'{0x00000007132f16c8}: 'java.lang.Object java.lang.invoke.DirectMethodHandle$Holder.newInvokeSpecial(java.lang.Object, java.lang.Object, int)'> (0x00000007132f16c8) 
thrown [s\src\hotspot\share\interpreter\linkResolver.cpp, line 759]
Event: 0.462 Thread 0x000001ad6fa1a310 Exception <a 'java/lang/NoSuchMethodError'{0x0000000713301710}: 'int java.lang.invoke.DirectMethodHandle$Holder.invokeStaticInit(java.lang.Object, java.lang.Object, long, long)'> (0x0000000713301710) 
thrown [s\src\hotspot\share\interpreter\linkResolver.cpp, line 759]
Event: 0.463 Thread 0x000001ad6fa1a310 Exception <a 'java/lang/NoSuchMethodError'{0x0000000713307498}: 'java.lang.Object java.lang.invoke.DirectMethodHandle$Holder.newInvokeSpecial(java.lang.Object, java.lang.Object, long)'> (0x0000000713307498) 
thrown [s\src\hotspot\share\interpreter\linkResolver.cpp, line 759]
Event: 0.463 Thread 0x000001ad6fa1a310 Exception <a 'java/lang/NoSuchMethodError'{0x000000071330ad60}: 'java.lang.Object java.lang.invoke.Invokers$Holder.linkToTargetMethod(java.lang.Object, long, java.lang.Object)'> (0x000000071330ad60) 
thrown [s\src\hotspot\share\interpreter\linkResolver.cpp, line 759]
Event: 0.464 Thread 0x000001ad6fa1a310 Exception <a 'java/lang/NoSuchMethodError'{0x0000000713312230}: 'int java.lang.invoke.DirectMethodHandle$Holder.invokeStaticInit(java.lang.Object, java.lang.Object, java.lang.Object, long)'> (0x0000000713312230) 
thrown [s\src\hotspot\share\interpreter\linkResolver.cpp, line 759]
Event: 0.488 Thread 0x000001ad6fa1a310 Exception <a 'sun/nio/fs/WindowsException'{0x00000007133d01d8}> (0x00000007133d01d8) 
thrown [s\src\hotspot\share\prims\jni.cpp, line 516]
Event: 0.488 Thread 0x000001ad6fa1a310 Exception <a 'sun/nio/fs/WindowsException'{0x00000007133d0538}> (0x00000007133d0538) 
thrown [s\src\hotspot\share\prims\jni.cpp, line 516]
Event: 0.682 Thread 0x000001ad6fa1a310 Exception <a 'sun/nio/fs/WindowsException'{0x00000007130a91c0}> (0x00000007130a91c0) 
thrown [s\src\hotspot\share\prims\jni.cpp, line 516]
Event: 0.682 Thread 0x000001ad6fa1a310 Exception <a 'sun/nio/fs/WindowsException'{0x00000007130a9560}> (0x00000007130a9560) 
thrown [s\src\hotspot\share\prims\jni.cpp, line 516]
Event: 0.687 Thread 0x000001ad6fa1a310 Exception <a 'sun/nio/fs/WindowsException'{0x00000007130b4208}> (0x00000007130b4208) 
thrown [s\src\hotspot\share\prims\jni.cpp, line 516]
Event: 0.687 Thread 0x000001ad6fa1a310 Exception <a 'sun/nio/fs/WindowsException'{0x00000007130b44d8}> (0x00000007130b44d8) 
thrown [s\src\hotspot\share\prims\jni.cpp, line 516]

VM Operations (8 events):
Event: 0.129 Executing VM operation: ChangeBreakpoints
Event: 0.130 Executing VM operation: ChangeBreakpoints done
Event: 0.309 Executing VM operation: HandshakeAllThreads
Event: 0.309 Executing VM operation: HandshakeAllThreads done
Event: 0.395 Executing VM operation: HandshakeAllThreads
Event: 0.395 Executing VM operation: HandshakeAllThreads done
Event: 0.417 Executing VM operation: HandshakeAllThreads
Event: 0.417 Executing VM operation: HandshakeAllThreads done

Events (20 events):
Event: 0.456 loading class jdk/internal/reflect/UnsafeQualifiedStaticFieldAccessorImpl done
Event: 0.456 loading class jdk/internal/reflect/UnsafeQualifiedStaticObjectFieldAccessorImpl done
Event: 0.459 loading class java/util/function/LongPredicate
Event: 0.459 loading class java/util/function/LongPredicate done
Event: 0.461 loading class jdk/internal/access/foreign/MemorySegmentProxy
Event: 0.461 loading class jdk/internal/access/foreign/MemorySegmentProxy done
Event: 0.465 loading class java/nio/InvalidMarkException
Event: 0.465 loading class java/nio/InvalidMarkException done
Event: 0.465 loading class java/nio/BufferUnderflowException
Event: 0.465 loading class java/nio/BufferUnderflowException done
Event: 0.475 loading class java/util/Formatter$FixedString
Event: 0.475 loading class java/util/Formatter$FixedString done
Event: 0.489 loading class java/lang/NoSuchFieldError
Event: 0.489 loading class java/lang/NoSuchFieldError done
Event: 0.498 loading class jdk/internal/reflect/UnsafeQualifiedStaticIntegerFieldAccessorImpl
Event: 0.498 loading class jdk/internal/reflect/UnsafeQualifiedStaticIntegerFieldAccessorImpl done
Event: 0.669 Thread 0x000001ad5826e750 Thread exited: 0x000001ad5826e750
Event: 0.686 loading class jdk/internal/misc/ScopedMemoryAccess$Scope
Event: 0.686 loading class jdk/internal/misc/ScopedMemoryAccess$Scope done
Event: 0.688 Thread 0x000001ad58cf6050 Thread added: 0x000001ad58cf6050


Dynamic libraries:
0x00007ff7b7ed0000 - 0x00007ff7b7ede000 	C:\Program Files\Eclipse Adoptium\jdk-17.0.8.7-hotspot\bin\java.exe
0x00007ff91be90000 - 0x00007ff91c0a4000 	C:\WINDOWS\SYSTEM32\ntdll.dll
0x00007ff91aaa0000 - 0x00007ff91ab64000 	C:\WINDOWS\System32\KERNEL32.DLL
0x00007ff9195a0000 - 0x00007ff919944000 	C:\WINDOWS\System32\KERNELBASE.dll
0x00007ff915e90000 - 0x00007ff915f27000 	C:\WINDOWS\SYSTEM32\apphelp.dll
0x00007ff919360000 - 0x00007ff919471000 	C:\WINDOWS\System32\ucrtbase.dll
0x00007ff8f7770000 - 0x00007ff8f7787000 	C:\Program Files\Eclipse Adoptium\jdk-17.0.8.7-hotspot\bin\jli.dll
0x00007ff8fa7a0000 - 0x00007ff8fa7b9000 	C:\Program Files\Eclipse Adoptium\jdk-17.0.8.7-hotspot\bin\VCRUNTIME140.dll
0x00007ff91b190000 - 0x00007ff91b33a000 	C:\WINDOWS\System32\USER32.dll
0x00007ff919330000 - 0x00007ff919356000 	C:\WINDOWS\System32\win32u.dll
0x00007ff8f6200000 - 0x00007ff8f648f000 	C:\WINDOWS\WinSxS\amd64_microsoft.windows.common-controls_6595b64144ccf1df_6.0.22621.2070_none_2713e6537381f706\COMCTL32.dll
0x00007ff91bce0000 - 0x00007ff91bd09000 	C:\WINDOWS\System32\GDI32.dll
0x00007ff91a950000 - 0x00007ff91a9f7000 	C:\WINDOWS\System32\msvcrt.dll
0x00007ff919ac0000 - 0x00007ff919bd9000 	C:\WINDOWS\System32\gdi32full.dll
0x00007ff919480000 - 0x00007ff91951a000 	C:\WINDOWS\System32\msvcp_win.dll
0x00007ff91a390000 - 0x00007ff91a3c1000 	C:\WINDOWS\System32\IMM32.DLL
0x00007ff90d160000 - 0x00007ff90d16c000 	C:\Program Files\Eclipse Adoptium\jdk-17.0.8.7-hotspot\bin\vcruntime140_1.dll
0x00007ff8dbec0000 - 0x00007ff8dbf51000 	C:\Program Files\Eclipse Adoptium\jdk-17.0.8.7-hotspot\bin\msvcp140.dll
0x00007ff878a40000 - 0x00007ff87968c000 	C:\Program Files\Eclipse Adoptium\jdk-17.0.8.7-hotspot\bin\server\jvm.dll
0x00007ff91a830000 - 0x00007ff91a8e0000 	C:\WINDOWS\System32\ADVAPI32.dll
0x00007ff91ab70000 - 0x00007ff91ac16000 	C:\WINDOWS\System32\sechost.dll
0x00007ff91ac80000 - 0x00007ff91ad97000 	C:\WINDOWS\System32\RPCRT4.dll
0x00007ff919090000 - 0x00007ff9190dd000 	C:\WINDOWS\SYSTEM32\POWRPROF.dll
0x00007ff8f1a90000 - 0x00007ff8f1a99000 	C:\WINDOWS\SYSTEM32\WSOCK32.dll
0x00007ff912eb0000 - 0x00007ff912eba000 	C:\WINDOWS\SYSTEM32\VERSION.dll
0x00007ff910830000 - 0x00007ff910864000 	C:\WINDOWS\SYSTEM32\WINMM.dll
0x00007ff91aea0000 - 0x00007ff91af11000 	C:\WINDOWS\System32\WS2_32.dll
0x00007ff918f70000 - 0x00007ff918f83000 	C:\WINDOWS\SYSTEM32\UMPDC.dll
0x00007ff918260000 - 0x00007ff918278000 	C:\WINDOWS\SYSTEM32\kernel.appcore.dll
0x00007ff8f8850000 - 0x00007ff8f885a000 	C:\Program Files\Eclipse Adoptium\jdk-17.0.8.7-hotspot\bin\jimage.dll
0x00007ff916b80000 - 0x00007ff916dae000 	C:\WINDOWS\SYSTEM32\DBGHELP.DLL
0x00007ff91a3f0000 - 0x00007ff91a77a000 	C:\WINDOWS\System32\combase.dll
0x00007ff91b340000 - 0x00007ff91b417000 	C:\WINDOWS\System32\OLEAUT32.dll
0x00007ff914070000 - 0x00007ff9140a2000 	C:\WINDOWS\SYSTEM32\dbgcore.DLL
0x00007ff919520000 - 0x00007ff91959a000 	C:\WINDOWS\System32\bcryptPrimitives.dll
0x00007ff8e1730000 - 0x00007ff8e176b000 	C:\Program Files\Eclipse Adoptium\jdk-17.0.8.7-hotspot\bin\jdwp.dll
0x00007ff8e8500000 - 0x00007ff8e8525000 	C:\Program Files\Eclipse Adoptium\jdk-17.0.8.7-hotspot\bin\java.dll
0x00007ff8d3210000 - 0x00007ff8d32e6000 	C:\Program Files\Eclipse Adoptium\jdk-17.0.8.7-hotspot\bin\jsvml.dll
0x00007ff91b430000 - 0x00007ff91bc46000 	C:\WINDOWS\System32\SHELL32.dll
0x00007ff917200000 - 0x00007ff917aea000 	C:\WINDOWS\SYSTEM32\windows.storage.dll
0x00007ff9170c0000 - 0x00007ff9171fe000 	C:\WINDOWS\SYSTEM32\wintypes.dll
0x00007ff91ada0000 - 0x00007ff91ae93000 	C:\WINDOWS\System32\SHCORE.dll
0x00007ff91a780000 - 0x00007ff91a7de000 	C:\WINDOWS\System32\shlwapi.dll
0x00007ff9191a0000 - 0x00007ff9191c6000 	C:\WINDOWS\SYSTEM32\profapi.dll
0x00007ff8f9970000 - 0x00007ff8f997c000 	C:\Program Files\Eclipse Adoptium\jdk-17.0.8.7-hotspot\bin\dt_socket.dll
0x00007ff917d50000 - 0x00007ff917d7d000 	C:\WINDOWS\SYSTEM32\IPHLPAPI.DLL
0x00007ff918730000 - 0x00007ff918799000 	C:\WINDOWS\system32\mswsock.dll
0x00007ff8efb60000 - 0x00007ff8efb79000 	C:\Program Files\Eclipse Adoptium\jdk-17.0.8.7-hotspot\bin\net.dll
0x00007ff90e7d0000 - 0x00007ff90e907000 	C:\WINDOWS\SYSTEM32\WINHTTP.dll
0x00007ff8ef930000 - 0x00007ff8ef945000 	C:\Program Files\Eclipse Adoptium\jdk-17.0.8.7-hotspot\bin\nio.dll
0x00007ff8efda0000 - 0x00007ff8efdb8000 	C:\Program Files\Eclipse Adoptium\jdk-17.0.8.7-hotspot\bin\zip.dll
0x00007ff8dfed0000 - 0x00007ff8dff4b000 	C:\Users\autum\AppData\Local\Temp\lwjgl_autum\3.3.3+5\x64\lwjgl.dll
0x00007ff8d3180000 - 0x00007ff8d3202000 	C:\Users\autum\AppData\Local\Temp\lwjgl_autum\3.3.3+5\x64\glfw.dll
0x00007ff8dfe80000 - 0x00007ff8dfec6000 	C:\WINDOWS\SYSTEM32\dinput8.dll
0x00007ff8f7af0000 - 0x00007ff8f7b01000 	C:\WINDOWS\SYSTEM32\xinput1_4.dll
0x00007ff918ee0000 - 0x00007ff918f2e000 	C:\WINDOWS\SYSTEM32\cfgmgr32.dll
0x00007ff918eb0000 - 0x00007ff918edc000 	C:\WINDOWS\SYSTEM32\DEVOBJ.dll
0x00007ff916560000 - 0x00007ff91658b000 	C:\WINDOWS\SYSTEM32\dwmapi.dll
0x00007ff900550000 - 0x00007ff900751000 	C:\WINDOWS\SYSTEM32\inputhost.dll
0x00007ff915b90000 - 0x00007ff915cc3000 	C:\WINDOWS\SYSTEM32\CoreMessaging.dll
0x00007ff9162f0000 - 0x00007ff91639b000 	C:\WINDOWS\system32\uxtheme.dll
0x00007ff91bd10000 - 0x00007ff91be37000 	C:\WINDOWS\System32\MSCTF.dll
0x00007ff9189a0000 - 0x00007ff9189ac000 	C:\WINDOWS\SYSTEM32\CRYPTBASE.DLL
0x00007ff8ec7a0000 - 0x00007ff8ec8a0000 	C:\WINDOWS\SYSTEM32\opengl32.dll
0x00007ff8ec730000 - 0x00007ff8ec75d000 	C:\WINDOWS\SYSTEM32\GLU32.dll
0x00007ff916400000 - 0x00007ff916438000 	C:\WINDOWS\SYSTEM32\dxcore.dll
0x00007ff9140b0000 - 0x00007ff9140fa000 	C:\WINDOWS\SYSTEM32\directxdatabasehelper.dll
0x00007ff91b0e0000 - 0x00007ff91b190000 	C:\WINDOWS\System32\clbcatq.dll
0x00007ff877910000 - 0x00007ff878a38000 	C:\WINDOWS\System32\DriverStore\FileRepository\71_hp_tgl_iigd_dch.inf_amd64_61e455c76634716f\igxelpicd64.dll
0x00007ff91af40000 - 0x00007ff91b0dc000 	C:\WINDOWS\System32\ole32.dll
0x00007ff916450000 - 0x00007ff916548000 	C:\WINDOWS\system32\dxgi.dll
0x00007ff8cafd0000 - 0x00007ff8cb11d000 	C:\WINDOWS\System32\DriverStore\FileRepository\71_hp_tgl_iigd_dch.inf_amd64_61e455c76634716f\igdml64.dll
0x00007ff90f810000 - 0x00007ff90fbe4000 	C:\WINDOWS\System32\DriverStore\FileRepository\71_hp_tgl_iigd_dch.inf_amd64_61e455c76634716f\igdgmm64.dll
0x00007ff919be0000 - 0x00007ff919c4b000 	C:\WINDOWS\System32\WINTRUST.dll
0x00007ff919950000 - 0x00007ff919ab7000 	C:\WINDOWS\System32\CRYPT32.dll
0x00007ff9189e0000 - 0x00007ff9189f2000 	C:\WINDOWS\SYSTEM32\MSASN1.dll
0x00007ff9077a0000 - 0x00007ff90b5b2000 	C:\WINDOWS\System32\DriverStore\FileRepository\71_hp_tgl_iigd_dch.inf_amd64_61e455c76634716f\igc64.dll
0x00007ff8d2a90000 - 0x00007ff8d2aee000 	C:\Users\autum\AppData\Local\Temp\lwjgl_autum\3.3.3+5\x64\lwjgl_opengl.dll

dbghelp: loaded successfully - version: 4.0.5 - missing functions: none
symbol engine: initialized successfully - sym options: 0x614 - pdb path: .;C:\Program Files\Eclipse Adoptium\jdk-17.0.8.7-hotspot\bin;C:\WINDOWS\SYSTEM32;C:\WINDOWS\WinSxS\amd64_microsoft.windows.common-controls_6595b64144ccf1df_6.0.22621.2070_none_2713e6537381f706;C:\Program Files\Eclipse Adoptium\jdk-17.0.8.7-hotspot\bin\server;C:\Users\autum\AppData\Local\Temp\lwjgl_autum\3.3.3+5\x64;C:\WINDOWS\System32\DriverStore\FileRepository\71_hp_tgl_iigd_dch.inf_amd64_61e455c76634716f

VM Arguments:
jvm_args: -agentlib:jdwp=transport=dt_socket,server=n,suspend=y,address=127.0.0.1:52601 -Dfile.encoding=windows-1252 -Duser.country=US -Duser.language=en -Duser.variant 
java_command: me.aurelium.RenderThread
java_class_path (initial): C:\Users\autum\IdeaProjects\PowderHackathon\build\classes\java\main;C:\Users\autum\IdeaProjects\PowderHackathon\build\resources\main;C:\Users\autum\.gradle\caches\modules-2\files-2.1\org.lwjgl\lwjgl-assimp\3.3.3\c2c34011cbda30ed8cf98bc5cbf97b49afe5279a\lwjgl-assimp-3.3.3.jar;C:\Users\autum\.gradle\caches\modules-2\files-2.1\org.lwjgl\lwjgl-assimp\3.3.3\d90ccdade594716062975cffd1431d387f770ac4\lwjgl-assimp-3.3.3-natives-windows.jar;C:\Users\autum\.gradle\caches\modules-2\files-2.1\org.lwjgl\lwjgl-glfw\3.3.3\efa1eb78c5ccd840e9f329717109b5e892d72f8e\lwjgl-glfw-3.3.3.jar;C:\Users\autum\.gradle\caches\modules-2\files-2.1\org.lwjgl\lwjgl-glfw\3.3.3\e449e28b4891fc423c54c85fbc5bb0b9efece67a\lwjgl-glfw-3.3.3-natives-windows.jar;C:\Users\autum\.gradle\caches\modules-2\files-2.1\org.lwjgl\lwjgl-openal\3.3.3\daada81ceb5fc0c291fbfdd4433cb8d9423577f2\lwjgl-openal-3.3.3.jar;C:\Users\autum\.gradle\caches\modules-2\files-2.1\org.lwjgl\lwjgl-openal\3.3.3\cf83862ae95d98496b26915024c7e666d8ab1c8f\lwjgl-openal-3.3.3-natives-windows.jar;C:\Users\autum\.gradle\caches\modules-2\files-2.1\org.lwjgl\lwjgl-opengl\3.3.3\2f6b0147078396a58979125a4c947664e98293a\lwjgl-opengl-3.3.3.jar;C:\Users\autum\.gradle\caches\modules-2\files-2.1\org.lwjgl\lwjgl-opengl\3.3.3\e6c1eec8be8a71951b830a4d69efc01c6531900c\lwjgl-opengl-3.3.3-natives-windows.jar;C:\Users\autum\.gradle\caches\modules-2\files-2.1\org.lwjgl\lwjgl-stb\3.3.3\25dd6161988d7e65f71d5065c99902402ee32746\lwjgl-stb-3.3.3.jar;C:\Users\autum\.gradle\caches\modules-2\files-2.1\org.lwjgl\lwjgl-stb\3.3.3\1d9facdf6541de114b0f963be33505b7679c78cb\lwjgl-stb-3.3.3-natives-windows.jar;C:\Users\autum\.gradle\caches\modules-2\files-2.1\org.lwjgl\lwjgl\3.3.3\29589b5f87ed335a6c7e7ee6a5775f81f97ecb84\lwjgl-3.3.3.jar;C:\Users\autum\.gradle\caches\modules-2\files-2.1\org.lwjgl\lwjgl\3.3.3\a5ed18a2b82fc91b81f40d717cb1f64c9dcb0540\lwjgl-3.3.3-natives-windows.jar
Launcher Type: SUN_STANDARD

[Global flags]
     intx CICompilerCount                          = 4                                         {product} {ergonomic}
     uint ConcGCThreads                            = 2                                         {product} {ergonomic}
     uint G1ConcRefinementThreads                  = 8                                         {product} {ergonomic}
   size_t G1HeapRegionSize                         = 2097152                                   {product} {ergonomic}
    uintx GCDrainStackTargetSize                   = 64                                        {product} {ergonomic}
   size_t InitialHeapSize                          = 266338304                                 {product} {ergonomic}
   size_t MarkStackSize                            = 4194304                                   {product} {ergonomic}
   size_t MaxHeapSize                              = 4234149888                                {product} {ergonomic}
   size_t MaxNewSize                               = 2539651072                                {product} {ergonomic}
   size_t MinHeapDeltaBytes                        = 2097152                                   {product} {ergonomic}
   size_t MinHeapSize                              = 8388608                                   {product} {ergonomic}
    uintx NonNMethodCodeHeapSize                   = 5839372                                {pd product} {ergonomic}
    uintx NonProfiledCodeHeapSize                  = 122909434                              {pd product} {ergonomic}
    uintx ProfiledCodeHeapSize                     = 122909434                              {pd product} {ergonomic}
    uintx ReservedCodeCacheSize                    = 251658240                              {pd product} {ergonomic}
     bool SegmentedCodeCache                       = true                                      {product} {ergonomic}
   size_t SoftMaxHeapSize                          = 4234149888                             {manageable} {ergonomic}
     bool UseCompressedClassPointers               = true                           {product lp64_product} {ergonomic}
     bool UseCompressedOops                        = true                           {product lp64_product} {ergonomic}
     bool UseG1GC                                  = true                                      {product} {ergonomic}
     bool UseLargePagesIndividualAllocation        = false                                  {pd product} {ergonomic}

Logging:
Log output configuration:
 #0: stdout all=warning uptime,level,tags
 #1: stderr all=off uptime,level,tags

Environment Variables:
PATH=C:\Program Files (x86)\VMware\VMware Player\bin\;C:\Program Files\Eclipse Adoptium\jdk-17.0.8.7-hotspot\bin;C:\WINDOWS\system32;C:\WINDOWS;C:\WINDOWS\System32\Wbem;C:\WINDOWS\System32\WindowsPowerShell\v1.0\;C:\WINDOWS\System32\OpenSSH\;C:\Program Files\PuTTY\;C:\Program Files\Microsoft VS Code\bin;C:\Program Files\GitHub CLI\;C:\Program Files\Git\cmd;C:\Users\autum\.cargo\bin;C:\Users\autum\AppData\Local\Microsoft\WindowsApps;C:\Users\autum\AppData\Local\JetBrains\Toolbox\scripts;C:\Users\autum\AppData\Local\GitHubDesktop\bin
USERNAME=autum
OS=Windows_NT
PROCESSOR_IDENTIFIER=Intel64 Family 6 Model 140 Stepping 1, GenuineIntel
TMP=C:\Users\autum\AppData\Local\Temp
TEMP=C:\Users\autum\AppData\Local\Temp



---------------  S Y S T E M  ---------------

OS:
 Windows 11 , 64 bit Build 22621 (10.0.22621.2070)
OS uptime: 24 days 5:10 hours
Hyper-V role detected

CPU: total 8 (initial active 8) (4 cores per cpu, 2 threads per core) family 6 model 140 stepping 1 microcode 0x86, cx8, cmov, fxsr, ht, mmx, 3dnowpref, sse, sse2, sse3, ssse3, sse4.1, sse4.2, popcnt, lzcnt, tsc, tscinvbit, avx, avx2, aes, erms, clmul, bmi1, bmi2, adx, avx512f, avx512dq, avx512cd, avx512bw, avx512vl, sha, fma, vzeroupper, avx512_vpopcntdq, avx512_vpclmulqdq, avx512_vaes, avx512_vnni, clflush, clflushopt, clwb, avx512_vbmi2, avx512_vbmi, hv
Processor Information for processor 0
  Max Mhz: 1690, Current Mhz: 1690, Mhz Limit: 1690
Processor Information for processor 1
  Max Mhz: 1690, Current Mhz: 1690, Mhz Limit: 1690
Processor Information for processor 2
  Max Mhz: 1690, Current Mhz: 1690, Mhz Limit: 1690
Processor Information for processor 3
  Max Mhz: 1690, Current Mhz: 1192, Mhz Limit: 1690
Processor Information for processor 4
  Max Mhz: 1690, Current Mhz: 1690, Mhz Limit: 1690
Processor Information for processor 5
  Max Mhz: 1690, Current Mhz: 1690, Mhz Limit: 1690
Processor Information for processor 6
  Max Mhz: 1690, Current Mhz: 1690, Mhz Limit: 1690
Processor Information for processor 7
  Max Mhz: 1690, Current Mhz: 1690, Mhz Limit: 1690

Memory: 4k page, system-wide physical 16151M (1220M free)
TotalPageFile size 22807M (AvailPageFile size 2578M)
current process WorkingSet (physical memory assigned to process): 125M, peak: 125M
current process commit charge ("private bytes"): 400M, peak: 400M

vm_info: OpenJDK 64-Bit Server VM (17.0.8+7) for windows-amd64 JRE (17.0.8+7), built on Jul 18 2023 21:02:32 by "admin" with MS VC++ 16.7 (VS2019)

END.
