#
# A fatal error has been detected by the Java Runtime Environment:
#
#  EXCEPTION_ACCESS_VIOLATION (0xc0000005) at pc=0x00007ff877928e07, pid=10012, tid=2372
#
# JRE version: OpenJDK Runtime Environment Temurin-17.0.8+7 (17.0.8+7) (build 17.0.8+7)
# Java VM: OpenJDK 64-Bit Server VM Temurin-17.0.8+7 (17.0.8+7, mixed mode, sharing, tiered, compressed oops, compressed class ptrs, g1 gc, windows-amd64)
# Problematic frame:
# C  [igxelpicd64.dll+0x18e07]
#
# No core dump will be written. Minidumps are not enabled by default on client versions of Windows
#
# If you would like to submit a bug report, please visit:
#   https://github.com/adoptium/adoptium-support/issues
# The crash happened outside the Java Virtual Machine in native code.
# See problematic frame for where to report the bug.
#

---------------  S U M M A R Y ------------

Command Line: -Dfile.encoding=windows-1252 -Duser.country=US -Duser.language=en -Duser.variant me.aurelium.RenderThread

Host: 11th Gen Intel(R) Core(TM) i7-1165G7 @ 2.80GHz, 8 cores, 15G,  Windows 11 , 64 bit Build 22621 (10.0.22621.2070)
Time: Sat Oct 21 14:37:26 2023 Eastern Daylight Time elapsed time: 0.321153 seconds (0d 0h 0m 0s)

---------------  T H R E A D  ---------------

Current thread (0x000002ca4e02a630):  JavaThread "main" [_thread_in_native, id=2372, stack(0x000000dceb200000,0x000000dceb300000)]

Stack: [0x000000dceb200000,0x000000dceb300000],  sp=0x000000dceb2fea60,  free space=1018k
Native frames: (J=compiled Java code, j=interpreted, Vv=VM code, C=native code)
C  [igxelpicd64.dll+0x18e07]

Java frames: (J=compiled Java code, j=interpreted, Vv=VM code)
j  org.lwjgl.opengl.GL11C.nglTexImage2D(IIIIIIIIJ)V+0
j  org.lwjgl.opengl.GL11C.glTexImage2D(IIIIIIIILjava/nio/ByteBuffer;)V+17
j  org.lwjgl.opengl.GL11.glTexImage2D(IIIIIIIILjava/nio/ByteBuffer;)V+14
j  me.aurelium.RenderThread.loop()V+223
j  me.aurelium.RenderThread.run()V+19
j  me.aurelium.RenderThread.main([Ljava/lang/String;)V+7
v  ~StubRoutines::call_stub

siginfo: EXCEPTION_ACCESS_VIOLATION (0xc0000005), reading address 0x000002ca7cbaf000


Register to memory mapping:

RIP=0x00007ff877928e07 igxelpicd64.dll
RAX=0x0000000000000858 is an unknown value
RBX=0x000000dceb2feb20 is pointing into the stack for thread: 0x000002ca4e02a630
RCX=0x0000000000002000 is an unknown value
RDX=0x000002ca7cbaeff0 points into unknown readable memory: 0x000002ca7cbaf000 | 00 f0 ba 7c ca 02 00 00
RSP=0x000000dceb2fea60 is pointing into the stack for thread: 0x000002ca4e02a630
RBP=0x000000dceb2febc0 is pointing into the stack for thread: 0x000002ca4e02a630
RSI=0x000002ca7cb6c3f0 points into unknown readable memory: 0xff42b06fff44e0da | da e0 44 ff 6f b0 42 ff
RDI=0x000002ca788a2c00 points into unknown readable memory: 0x0000000000000000 | 00 00 00 00 00 00 00 00
R8 =0x0000000000100000 is an unknown value
R9 =0x0000000000000859 is an unknown value
R10=0x0 is NULL
R11=0x000000dceb2feb20 is pointing into the stack for thread: 0x000002ca4e02a630
R12=0x0 is NULL
R13=0x0000000000000001 is an unknown value
R14=0x000000dceb2feca0 is pointing into the stack for thread: 0x000002ca4e02a630
R15=0x0000000000000049 is an unknown value


Registers:
RAX=0x0000000000000858, RBX=0x000000dceb2feb20, RCX=0x0000000000002000, RDX=0x000002ca7cbaeff0
RSP=0x000000dceb2fea60, RBP=0x000000dceb2febc0, RSI=0x000002ca7cb6c3f0, RDI=0x000002ca788a2c00
R8 =0x0000000000100000, R9 =0x0000000000000859, R10=0x0000000000000000, R11=0x000000dceb2feb20
R12=0x0000000000000000, R13=0x0000000000000001, R14=0x000000dceb2feca0, R15=0x0000000000000049
RIP=0x00007ff877928e07, EFLAGS=0x0000000000010207

Top of Stack: (sp=0x000000dceb2fea60)
0x000000dceb2fea60:   0000000000000000 0000000000000000
0x000000dceb2fea70:   0000000000000000 0000000000000000
0x000000dceb2fea80:   000002ca78860000 00007ff877b6e0cf
0x000000dceb2fea90:   000002ca756a8bb0 0000000000000000
0x000000dceb2feaa0:   000000dceb2feca0 0000000000000001
0x000000dceb2feab0:   000000dceb2feca0 00007ff877b6bd71
0x000000dceb2feac0:   000002ca78860000 000000dceb2febc0
0x000000dceb2fead0:   0000000000000000 0000000000000800
0x000000dceb2feae0:   0000000000000049 000002ca00000001
0x000000dceb2feaf0:   000002ca7cb6c3f0 000002ca75a42700
0x000000dceb2feb00:   000002ca75a42780 0000000000000002
0x000000dceb2feb10:   000002ca75783080 000002ca757b7f40
0x000000dceb2feb20:   00007ff8784df900 000002ca75783080
0x000000dceb2feb30:   0000020000000200 0000004900000000
0x000000dceb2feb40:   0000080000000004 000002ca7cb6c3f0
0x000000dceb2feb50:   00000004eb2f0049 00007ff800000800 

Instructions: (pc=0x00007ff877928e07)
0x00007ff877928d07:   cc cc cc cc cc cc cc cc cc 48 81 f9 00 10 00 00
0x00007ff877928d17:   76 03 b0 01 c3 32 c0 c3 cc 40 57 48 83 ec 20 45
0x00007ff877928d27:   33 d2 48 8b f9 49 83 f8 10 0f 82 ae 00 00 00 83
0x00007ff877928d37:   e1 0f 0f 85 df 01 00 00 8b c1 45 8b ca 4c 2b c0
0x00007ff877928d47:   0f 29 74 24 10 49 8b c8 0f 29 3c 24 48 c1 e9 07
0x00007ff877928d57:   f6 c2 0f 0f 84 94 00 00 00 48 85 c9 74 6c 66 66
0x00007ff877928d67:   66 0f 1f 84 00 00 00 00 00 f3 0f 6f 02 41 ff c1
0x00007ff877928d77:   f3 0f 6f 4a 10 41 8b c1 f3 0f 6f 52 20 f3 0f 6f
0x00007ff877928d87:   5a 30 f3 0f 6f 62 40 f3 0f 6f 6a 50 f3 0f 6f 72
0x00007ff877928d97:   60 f3 0f 6f 7a 70 66 0f e7 07 66 0f e7 4f 10 66
0x00007ff877928da7:   0f e7 57 20 66 0f e7 5f 30 66 0f e7 67 40 66 0f
0x00007ff877928db7:   e7 6f 50 66 0f e7 77 60 66 0f e7 7f 70 48 83 ef
0x00007ff877928dc7:   80 48 83 ea 80 48 3b c1 72 9f 41 83 e0 7f 0f 85
0x00007ff877928dd7:   0e 01 00 00 0f 28 74 24 10 0f 28 3c 24 41 83 e0
0x00007ff877928de7:   0f 0f 85 b0 00 00 00 48 83 c4 20 5f c3 48 85 c9
0x00007ff877928df7:   74 68 0f 1f 80 00 00 00 00 f3 0f 6f 02 41 ff c1
0x00007ff877928e07:   f3 0f 6f 4a 10 f3 0f 6f 52 20 f3 0f 6f 5a 30 f3
0x00007ff877928e17:   0f 6f 62 40 f3 0f 6f 6a 50 f3 0f 6f 72 60 f3 0f
0x00007ff877928e27:   6f 7a 70 48 83 ea 80 66 0f e7 07 66 0f e7 4f 10
0x00007ff877928e37:   66 0f e7 57 20 66 0f e7 5f 30 66 0f e7 67 40 66
0x00007ff877928e47:   0f e7 6f 50 66 0f e7 77 60 66 0f e7 7f 70 48 83
0x00007ff877928e57:   ef 80 41 8b c1 48 3b c1 72 9f 41 83 e0 7f 0f 84
0x00007ff877928e67:   70 ff ff ff 45 8b c8 41 8b ca 49 c1 e9 04 4d 85
0x00007ff877928e77:   c9 0f 84 5d ff ff ff 66 90 f3 0f 6f 02 ff c1 66
0x00007ff877928e87:   0f e7 07 48 83 c7 10 8b c1 48 83 c2 10 49 3b c1
0x00007ff877928e97:   72 e7 e9 3d ff ff ff 4d 8b c8 41 8b ca 49 c1 e9
0x00007ff877928ea7:   02 4d 85 c9 74 15 8b 02 ff c1 89 07 48 83 c2 04
0x00007ff877928eb7:   48 83 c7 04 8b c1 49 3b c1 72 eb 41 83 e0 03 0f
0x00007ff877928ec7:   86 22 ff ff ff 48 2b d7 0f b6 04 3a 41 ff c2 88
0x00007ff877928ed7:   07 48 8d 7f 01 41 8b c2 49 3b c0 72 eb e9 05 ff
0x00007ff877928ee7:   ff ff 4d 8b c8 41 8b ca 49 c1 e9 04 4d 85 c9 0f
0x00007ff877928ef7:   84 df fe ff ff 0f 1f 40 00 f3 0f 6f 02 ff c1 48 


Stack slot to memory mapping:
stack at sp + 0 slots: 0x0 is NULL
stack at sp + 1 slots: 0x0 is NULL
stack at sp + 2 slots: 0x0 is NULL
stack at sp + 3 slots: 0x0 is NULL
stack at sp + 4 slots: 0x000002ca78860000 points into unknown readable memory: 0xff42b06fff44e0da | da e0 44 ff 6f b0 42 ff
stack at sp + 5 slots: 0x00007ff877b6e0cf igxelpicd64.dll
stack at sp + 6 slots: 0x000002ca756a8bb0 points into unknown readable memory: 0xffffffffffffffff | ff ff ff ff ff ff ff ff
stack at sp + 7 slots: 0x0 is NULL


---------------  P R O C E S S  ---------------

Threads class SMR info:
_java_thread_list=0x000002ca75183ae0, length=13, elements={
0x000002ca4e02a630, 0x000002ca70ecc870, 0x000002ca70ecd430, 0x000002ca75018ec0,
0x000002ca7501a890, 0x000002ca7501b250, 0x000002ca7501bc10, 0x000002ca7501e910,
0x000002ca75032160, 0x000002ca7503b330, 0x000002ca7517f400, 0x000002ca75183d00,
0x000002ca7520e930
}

Java Threads: ( => current thread )
=>0x000002ca4e02a630 JavaThread "main" [_thread_in_native, id=2372, stack(0x000000dceb200000,0x000000dceb300000)]
  0x000002ca70ecc870 JavaThread "Reference Handler" daemon [_thread_blocked, id=20416, stack(0x000000dceb900000,0x000000dceba00000)]
  0x000002ca70ecd430 JavaThread "Finalizer" daemon [_thread_blocked, id=632, stack(0x000000dceba00000,0x000000dcebb00000)]
  0x000002ca75018ec0 JavaThread "Signal Dispatcher" daemon [_thread_blocked, id=8148, stack(0x000000dcebb00000,0x000000dcebc00000)]
  0x000002ca7501a890 JavaThread "Attach Listener" daemon [_thread_blocked, id=23036, stack(0x000000dcebc00000,0x000000dcebd00000)]
  0x000002ca7501b250 JavaThread "Service Thread" daemon [_thread_blocked, id=22328, stack(0x000000dcebd00000,0x000000dcebe00000)]
  0x000002ca7501bc10 JavaThread "Monitor Deflation Thread" daemon [_thread_blocked, id=9588, stack(0x000000dcebe00000,0x000000dcebf00000)]
  0x000002ca7501e910 JavaThread "C2 CompilerThread0" daemon [_thread_blocked, id=14464, stack(0x000000dcebf00000,0x000000dcec000000)]
  0x000002ca75032160 JavaThread "C1 CompilerThread0" daemon [_thread_blocked, id=12188, stack(0x000000dcec000000,0x000000dcec100000)]
  0x000002ca7503b330 JavaThread "Sweeper thread" daemon [_thread_blocked, id=9632, stack(0x000000dcec100000,0x000000dcec200000)]
  0x000002ca7517f400 JavaThread "Notification Thread" daemon [_thread_blocked, id=13612, stack(0x000000dcec200000,0x000000dcec300000)]
  0x000002ca75183d00 JavaThread "Common-Cleaner" daemon [_thread_blocked, id=27748, stack(0x000000dcec400000,0x000000dcec500000)]
  0x000002ca7520e930 JavaThread "C2 CompilerThread1" daemon [_thread_blocked, id=21644, stack(0x000000dcec500000,0x000000dcec600000)]

Other Threads:
  0x000002ca70ec8dc0 VMThread "VM Thread" [stack: 0x000000dceb800000,0x000000dceb900000] [id=21720]
  0x000002ca4e0b2430 WatcherThread [stack: 0x000000dcec300000,0x000000dcec400000] [id=12392]
  0x000002ca4e0936c0 GCTaskThread "GC Thread#0" [stack: 0x000000dceb300000,0x000000dceb400000] [id=22596]
  0x000002ca4e0a43c0 ConcurrentGCThread "G1 Main Marker" [stack: 0x000000dceb400000,0x000000dceb500000] [id=13076]
  0x000002ca4e0a5c80 ConcurrentGCThread "G1 Conc#0" [stack: 0x000000dceb500000,0x000000dceb600000] [id=26440]
  0x000002ca4e0ce940 ConcurrentGCThread "G1 Refine#0" [stack: 0x000000dceb600000,0x000000dceb700000] [id=23400]
  0x000002ca70d83620 ConcurrentGCThread "G1 Service" [stack: 0x000000dceb700000,0x000000dceb800000] [id=25272]

Threads with active compile tasks:

VM state: not at safepoint (normal execution)

VM Mutex/Monitor currently owned by a thread: None

Heap address: 0x0000000703a00000, size: 4038 MB, Compressed Oops mode: Zero based, Oop shift amount: 3

CDS archive(s) mapped at: [0x000002ca00000000-0x000002ca00bd0000-0x000002ca00bd0000), size 12386304, SharedBaseAddress: 0x000002ca00000000, ArchiveRelocationMode: 1.
Compressed class space mapped at: 0x000002ca01000000-0x000002ca41000000, reserved size: 1073741824
Narrow klass base: 0x000002ca00000000, Narrow klass shift: 0, Narrow klass range: 0x100000000

GC Precious Log:
 CPUs: 8 total, 8 available
 Memory: 16151M
 Large Page Support: Disabled
 NUMA Support: Disabled
 Compressed Oops: Enabled (Zero based)
 Heap Region Size: 2M
 Heap Min Capacity: 8M
 Heap Initial Capacity: 254M
 Heap Max Capacity: 4038M
 Pre-touch: Disabled
 Parallel Workers: 8
 Concurrent Workers: 2
 Concurrent Refinement Workers: 8
 Periodic GC: Disabled

Heap:
 garbage-first heap   total 260096K, used 6144K [0x0000000703a00000, 0x0000000800000000)
  region size 2048K, 4 young (8192K), 0 survivors (0K)
 Metaspace       used 3485K, committed 3712K, reserved 1114112K
  class space    used 218K, committed 320K, reserved 1048576K

Heap Regions: E=young(eden), S=young(survivor), O=old, HS=humongous(starts), HC=humongous(continues), CS=collection set, F=free, OA=open archive, CA=closed archive, TAMS=top-at-mark-start (previous, next)
|   0|0x0000000703a00000, 0x0000000703a00000, 0x0000000703c00000|  0%| F|  |TAMS 0x0000000703a00000, 0x0000000703a00000| Untracked 
|   1|0x0000000703c00000, 0x0000000703c00000, 0x0000000703e00000|  0%| F|  |TAMS 0x0000000703c00000, 0x0000000703c00000| Untracked 
|   2|0x0000000703e00000, 0x0000000703e00000, 0x0000000704000000|  0%| F|  |TAMS 0x0000000703e00000, 0x0000000703e00000| Untracked 
|   3|0x0000000704000000, 0x0000000704000000, 0x0000000704200000|  0%| F|  |TAMS 0x0000000704000000, 0x0000000704000000| Untracked 
|   4|0x0000000704200000, 0x0000000704200000, 0x0000000704400000|  0%| F|  |TAMS 0x0000000704200000, 0x0000000704200000| Untracked 
|   5|0x0000000704400000, 0x0000000704400000, 0x0000000704600000|  0%| F|  |TAMS 0x0000000704400000, 0x0000000704400000| Untracked 
|   6|0x0000000704600000, 0x0000000704600000, 0x0000000704800000|  0%| F|  |TAMS 0x0000000704600000, 0x0000000704600000| Untracked 
|   7|0x0000000704800000, 0x0000000704800000, 0x0000000704a00000|  0%| F|  |TAMS 0x0000000704800000, 0x0000000704800000| Untracked 
|   8|0x0000000704a00000, 0x0000000704a00000, 0x0000000704c00000|  0%| F|  |TAMS 0x0000000704a00000, 0x0000000704a00000| Untracked 
|   9|0x0000000704c00000, 0x0000000704c00000, 0x0000000704e00000|  0%| F|  |TAMS 0x0000000704c00000, 0x0000000704c00000| Untracked 
|  10|0x0000000704e00000, 0x0000000704e00000, 0x0000000705000000|  0%| F|  |TAMS 0x0000000704e00000, 0x0000000704e00000| Untracked 
|  11|0x0000000705000000, 0x0000000705000000, 0x0000000705200000|  0%| F|  |TAMS 0x0000000705000000, 0x0000000705000000| Untracked 
|  12|0x0000000705200000, 0x0000000705200000, 0x0000000705400000|  0%| F|  |TAMS 0x0000000705200000, 0x0000000705200000| Untracked 
|  13|0x0000000705400000, 0x0000000705400000, 0x0000000705600000|  0%| F|  |TAMS 0x0000000705400000, 0x0000000705400000| Untracked 
|  14|0x0000000705600000, 0x0000000705600000, 0x0000000705800000|  0%| F|  |TAMS 0x0000000705600000, 0x0000000705600000| Untracked 
|  15|0x0000000705800000, 0x0000000705800000, 0x0000000705a00000|  0%| F|  |TAMS 0x0000000705800000, 0x0000000705800000| Untracked 
|  16|0x0000000705a00000, 0x0000000705a00000, 0x0000000705c00000|  0%| F|  |TAMS 0x0000000705a00000, 0x0000000705a00000| Untracked 
|  17|0x0000000705c00000, 0x0000000705c00000, 0x0000000705e00000|  0%| F|  |TAMS 0x0000000705c00000, 0x0000000705c00000| Untracked 
|  18|0x0000000705e00000, 0x0000000705e00000, 0x0000000706000000|  0%| F|  |TAMS 0x0000000705e00000, 0x0000000705e00000| Untracked 
|  19|0x0000000706000000, 0x0000000706000000, 0x0000000706200000|  0%| F|  |TAMS 0x0000000706000000, 0x0000000706000000| Untracked 
|  20|0x0000000706200000, 0x0000000706200000, 0x0000000706400000|  0%| F|  |TAMS 0x0000000706200000, 0x0000000706200000| Untracked 
|  21|0x0000000706400000, 0x0000000706400000, 0x0000000706600000|  0%| F|  |TAMS 0x0000000706400000, 0x0000000706400000| Untracked 
|  22|0x0000000706600000, 0x0000000706600000, 0x0000000706800000|  0%| F|  |TAMS 0x0000000706600000, 0x0000000706600000| Untracked 
|  23|0x0000000706800000, 0x0000000706800000, 0x0000000706a00000|  0%| F|  |TAMS 0x0000000706800000, 0x0000000706800000| Untracked 
|  24|0x0000000706a00000, 0x0000000706a00000, 0x0000000706c00000|  0%| F|  |TAMS 0x0000000706a00000, 0x0000000706a00000| Untracked 
|  25|0x0000000706c00000, 0x0000000706c00000, 0x0000000706e00000|  0%| F|  |TAMS 0x0000000706c00000, 0x0000000706c00000| Untracked 
|  26|0x0000000706e00000, 0x0000000706e00000, 0x0000000707000000|  0%| F|  |TAMS 0x0000000706e00000, 0x0000000706e00000| Untracked 
|  27|0x0000000707000000, 0x0000000707000000, 0x0000000707200000|  0%| F|  |TAMS 0x0000000707000000, 0x0000000707000000| Untracked 
|  28|0x0000000707200000, 0x0000000707200000, 0x0000000707400000|  0%| F|  |TAMS 0x0000000707200000, 0x0000000707200000| Untracked 
|  29|0x0000000707400000, 0x0000000707400000, 0x0000000707600000|  0%| F|  |TAMS 0x0000000707400000, 0x0000000707400000| Untracked 
|  30|0x0000000707600000, 0x0000000707600000, 0x0000000707800000|  0%| F|  |TAMS 0x0000000707600000, 0x0000000707600000| Untracked 
|  31|0x0000000707800000, 0x0000000707800000, 0x0000000707a00000|  0%| F|  |TAMS 0x0000000707800000, 0x0000000707800000| Untracked 
|  32|0x0000000707a00000, 0x0000000707a00000, 0x0000000707c00000|  0%| F|  |TAMS 0x0000000707a00000, 0x0000000707a00000| Untracked 
|  33|0x0000000707c00000, 0x0000000707c00000, 0x0000000707e00000|  0%| F|  |TAMS 0x0000000707c00000, 0x0000000707c00000| Untracked 
|  34|0x0000000707e00000, 0x0000000707e00000, 0x0000000708000000|  0%| F|  |TAMS 0x0000000707e00000, 0x0000000707e00000| Untracked 
|  35|0x0000000708000000, 0x0000000708000000, 0x0000000708200000|  0%| F|  |TAMS 0x0000000708000000, 0x0000000708000000| Untracked 
|  36|0x0000000708200000, 0x0000000708200000, 0x0000000708400000|  0%| F|  |TAMS 0x0000000708200000, 0x0000000708200000| Untracked 
|  37|0x0000000708400000, 0x0000000708400000, 0x0000000708600000|  0%| F|  |TAMS 0x0000000708400000, 0x0000000708400000| Untracked 
|  38|0x0000000708600000, 0x0000000708600000, 0x0000000708800000|  0%| F|  |TAMS 0x0000000708600000, 0x0000000708600000| Untracked 
|  39|0x0000000708800000, 0x0000000708800000, 0x0000000708a00000|  0%| F|  |TAMS 0x0000000708800000, 0x0000000708800000| Untracked 
|  40|0x0000000708a00000, 0x0000000708a00000, 0x0000000708c00000|  0%| F|  |TAMS 0x0000000708a00000, 0x0000000708a00000| Untracked 
|  41|0x0000000708c00000, 0x0000000708c00000, 0x0000000708e00000|  0%| F|  |TAMS 0x0000000708c00000, 0x0000000708c00000| Untracked 
|  42|0x0000000708e00000, 0x0000000708e00000, 0x0000000709000000|  0%| F|  |TAMS 0x0000000708e00000, 0x0000000708e00000| Untracked 
|  43|0x0000000709000000, 0x0000000709000000, 0x0000000709200000|  0%| F|  |TAMS 0x0000000709000000, 0x0000000709000000| Untracked 
|  44|0x0000000709200000, 0x0000000709200000, 0x0000000709400000|  0%| F|  |TAMS 0x0000000709200000, 0x0000000709200000| Untracked 
|  45|0x0000000709400000, 0x0000000709400000, 0x0000000709600000|  0%| F|  |TAMS 0x0000000709400000, 0x0000000709400000| Untracked 
|  46|0x0000000709600000, 0x0000000709600000, 0x0000000709800000|  0%| F|  |TAMS 0x0000000709600000, 0x0000000709600000| Untracked 
|  47|0x0000000709800000, 0x0000000709800000, 0x0000000709a00000|  0%| F|  |TAMS 0x0000000709800000, 0x0000000709800000| Untracked 
|  48|0x0000000709a00000, 0x0000000709a00000, 0x0000000709c00000|  0%| F|  |TAMS 0x0000000709a00000, 0x0000000709a00000| Untracked 
|  49|0x0000000709c00000, 0x0000000709c00000, 0x0000000709e00000|  0%| F|  |TAMS 0x0000000709c00000, 0x0000000709c00000| Untracked 
|  50|0x0000000709e00000, 0x0000000709e00000, 0x000000070a000000|  0%| F|  |TAMS 0x0000000709e00000, 0x0000000709e00000| Untracked 
|  51|0x000000070a000000, 0x000000070a000000, 0x000000070a200000|  0%| F|  |TAMS 0x000000070a000000, 0x000000070a000000| Untracked 
|  52|0x000000070a200000, 0x000000070a200000, 0x000000070a400000|  0%| F|  |TAMS 0x000000070a200000, 0x000000070a200000| Untracked 
|  53|0x000000070a400000, 0x000000070a400000, 0x000000070a600000|  0%| F|  |TAMS 0x000000070a400000, 0x000000070a400000| Untracked 
|  54|0x000000070a600000, 0x000000070a600000, 0x000000070a800000|  0%| F|  |TAMS 0x000000070a600000, 0x000000070a600000| Untracked 
|  55|0x000000070a800000, 0x000000070a800000, 0x000000070aa00000|  0%| F|  |TAMS 0x000000070a800000, 0x000000070a800000| Untracked 
|  56|0x000000070aa00000, 0x000000070aa00000, 0x000000070ac00000|  0%| F|  |TAMS 0x000000070aa00000, 0x000000070aa00000| Untracked 
|  57|0x000000070ac00000, 0x000000070ac00000, 0x000000070ae00000|  0%| F|  |TAMS 0x000000070ac00000, 0x000000070ac00000| Untracked 
|  58|0x000000070ae00000, 0x000000070ae00000, 0x000000070b000000|  0%| F|  |TAMS 0x000000070ae00000, 0x000000070ae00000| Untracked 
|  59|0x000000070b000000, 0x000000070b000000, 0x000000070b200000|  0%| F|  |TAMS 0x000000070b000000, 0x000000070b000000| Untracked 
|  60|0x000000070b200000, 0x000000070b200000, 0x000000070b400000|  0%| F|  |TAMS 0x000000070b200000, 0x000000070b200000| Untracked 
|  61|0x000000070b400000, 0x000000070b400000, 0x000000070b600000|  0%| F|  |TAMS 0x000000070b400000, 0x000000070b400000| Untracked 
|  62|0x000000070b600000, 0x000000070b600000, 0x000000070b800000|  0%| F|  |TAMS 0x000000070b600000, 0x000000070b600000| Untracked 
|  63|0x000000070b800000, 0x000000070b800000, 0x000000070ba00000|  0%| F|  |TAMS 0x000000070b800000, 0x000000070b800000| Untracked 
|  64|0x000000070ba00000, 0x000000070ba00000, 0x000000070bc00000|  0%| F|  |TAMS 0x000000070ba00000, 0x000000070ba00000| Untracked 
|  65|0x000000070bc00000, 0x000000070bc00000, 0x000000070be00000|  0%| F|  |TAMS 0x000000070bc00000, 0x000000070bc00000| Untracked 
|  66|0x000000070be00000, 0x000000070be00000, 0x000000070c000000|  0%| F|  |TAMS 0x000000070be00000, 0x000000070be00000| Untracked 
|  67|0x000000070c000000, 0x000000070c000000, 0x000000070c200000|  0%| F|  |TAMS 0x000000070c000000, 0x000000070c000000| Untracked 
|  68|0x000000070c200000, 0x000000070c200000, 0x000000070c400000|  0%| F|  |TAMS 0x000000070c200000, 0x000000070c200000| Untracked 
|  69|0x000000070c400000, 0x000000070c400000, 0x000000070c600000|  0%| F|  |TAMS 0x000000070c400000, 0x000000070c400000| Untracked 
|  70|0x000000070c600000, 0x000000070c600000, 0x000000070c800000|  0%| F|  |TAMS 0x000000070c600000, 0x000000070c600000| Untracked 
|  71|0x000000070c800000, 0x000000070c800000, 0x000000070ca00000|  0%| F|  |TAMS 0x000000070c800000, 0x000000070c800000| Untracked 
|  72|0x000000070ca00000, 0x000000070ca00000, 0x000000070cc00000|  0%| F|  |TAMS 0x000000070ca00000, 0x000000070ca00000| Untracked 
|  73|0x000000070cc00000, 0x000000070cc00000, 0x000000070ce00000|  0%| F|  |TAMS 0x000000070cc00000, 0x000000070cc00000| Untracked 
|  74|0x000000070ce00000, 0x000000070ce00000, 0x000000070d000000|  0%| F|  |TAMS 0x000000070ce00000, 0x000000070ce00000| Untracked 
|  75|0x000000070d000000, 0x000000070d000000, 0x000000070d200000|  0%| F|  |TAMS 0x000000070d000000, 0x000000070d000000| Untracked 
|  76|0x000000070d200000, 0x000000070d200000, 0x000000070d400000|  0%| F|  |TAMS 0x000000070d200000, 0x000000070d200000| Untracked 
|  77|0x000000070d400000, 0x000000070d400000, 0x000000070d600000|  0%| F|  |TAMS 0x000000070d400000, 0x000000070d400000| Untracked 
|  78|0x000000070d600000, 0x000000070d600000, 0x000000070d800000|  0%| F|  |TAMS 0x000000070d600000, 0x000000070d600000| Untracked 
|  79|0x000000070d800000, 0x000000070d800000, 0x000000070da00000|  0%| F|  |TAMS 0x000000070d800000, 0x000000070d800000| Untracked 
|  80|0x000000070da00000, 0x000000070da00000, 0x000000070dc00000|  0%| F|  |TAMS 0x000000070da00000, 0x000000070da00000| Untracked 
|  81|0x000000070dc00000, 0x000000070dc00000, 0x000000070de00000|  0%| F|  |TAMS 0x000000070dc00000, 0x000000070dc00000| Untracked 
|  82|0x000000070de00000, 0x000000070de00000, 0x000000070e000000|  0%| F|  |TAMS 0x000000070de00000, 0x000000070de00000| Untracked 
|  83|0x000000070e000000, 0x000000070e000000, 0x000000070e200000|  0%| F|  |TAMS 0x000000070e000000, 0x000000070e000000| Untracked 
|  84|0x000000070e200000, 0x000000070e200000, 0x000000070e400000|  0%| F|  |TAMS 0x000000070e200000, 0x000000070e200000| Untracked 
|  85|0x000000070e400000, 0x000000070e400000, 0x000000070e600000|  0%| F|  |TAMS 0x000000070e400000, 0x000000070e400000| Untracked 
|  86|0x000000070e600000, 0x000000070e600000, 0x000000070e800000|  0%| F|  |TAMS 0x000000070e600000, 0x000000070e600000| Untracked 
|  87|0x000000070e800000, 0x000000070e800000, 0x000000070ea00000|  0%| F|  |TAMS 0x000000070e800000, 0x000000070e800000| Untracked 
|  88|0x000000070ea00000, 0x000000070ea00000, 0x000000070ec00000|  0%| F|  |TAMS 0x000000070ea00000, 0x000000070ea00000| Untracked 
|  89|0x000000070ec00000, 0x000000070ec00000, 0x000000070ee00000|  0%| F|  |TAMS 0x000000070ec00000, 0x000000070ec00000| Untracked 
|  90|0x000000070ee00000, 0x000000070ee00000, 0x000000070f000000|  0%| F|  |TAMS 0x000000070ee00000, 0x000000070ee00000| Untracked 
|  91|0x000000070f000000, 0x000000070f000000, 0x000000070f200000|  0%| F|  |TAMS 0x000000070f000000, 0x000000070f000000| Untracked 
|  92|0x000000070f200000, 0x000000070f200000, 0x000000070f400000|  0%| F|  |TAMS 0x000000070f200000, 0x000000070f200000| Untracked 
|  93|0x000000070f400000, 0x000000070f400000, 0x000000070f600000|  0%| F|  |TAMS 0x000000070f400000, 0x000000070f400000| Untracked 
|  94|0x000000070f600000, 0x000000070f600000, 0x000000070f800000|  0%| F|  |TAMS 0x000000070f600000, 0x000000070f600000| Untracked 
|  95|0x000000070f800000, 0x000000070f800000, 0x000000070fa00000|  0%| F|  |TAMS 0x000000070f800000, 0x000000070f800000| Untracked 
|  96|0x000000070fa00000, 0x000000070fa00000, 0x000000070fc00000|  0%| F|  |TAMS 0x000000070fa00000, 0x000000070fa00000| Untracked 
|  97|0x000000070fc00000, 0x000000070fc00000, 0x000000070fe00000|  0%| F|  |TAMS 0x000000070fc00000, 0x000000070fc00000| Untracked 
|  98|0x000000070fe00000, 0x000000070fe00000, 0x0000000710000000|  0%| F|  |TAMS 0x000000070fe00000, 0x000000070fe00000| Untracked 
|  99|0x0000000710000000, 0x0000000710000000, 0x0000000710200000|  0%| F|  |TAMS 0x0000000710000000, 0x0000000710000000| Untracked 
| 100|0x0000000710200000, 0x0000000710200000, 0x0000000710400000|  0%| F|  |TAMS 0x0000000710200000, 0x0000000710200000| Untracked 
| 101|0x0000000710400000, 0x0000000710400000, 0x0000000710600000|  0%| F|  |TAMS 0x0000000710400000, 0x0000000710400000| Untracked 
| 102|0x0000000710600000, 0x0000000710600000, 0x0000000710800000|  0%| F|  |TAMS 0x0000000710600000, 0x0000000710600000| Untracked 
| 103|0x0000000710800000, 0x0000000710800000, 0x0000000710a00000|  0%| F|  |TAMS 0x0000000710800000, 0x0000000710800000| Untracked 
| 104|0x0000000710a00000, 0x0000000710a00000, 0x0000000710c00000|  0%| F|  |TAMS 0x0000000710a00000, 0x0000000710a00000| Untracked 
| 105|0x0000000710c00000, 0x0000000710c00000, 0x0000000710e00000|  0%| F|  |TAMS 0x0000000710c00000, 0x0000000710c00000| Untracked 
| 106|0x0000000710e00000, 0x0000000710e00000, 0x0000000711000000|  0%| F|  |TAMS 0x0000000710e00000, 0x0000000710e00000| Untracked 
| 107|0x0000000711000000, 0x0000000711000000, 0x0000000711200000|  0%| F|  |TAMS 0x0000000711000000, 0x0000000711000000| Untracked 
| 108|0x0000000711200000, 0x0000000711200000, 0x0000000711400000|  0%| F|  |TAMS 0x0000000711200000, 0x0000000711200000| Untracked 
| 109|0x0000000711400000, 0x0000000711400000, 0x0000000711600000|  0%| F|  |TAMS 0x0000000711400000, 0x0000000711400000| Untracked 
| 110|0x0000000711600000, 0x0000000711600000, 0x0000000711800000|  0%| F|  |TAMS 0x0000000711600000, 0x0000000711600000| Untracked 
| 111|0x0000000711800000, 0x0000000711800000, 0x0000000711a00000|  0%| F|  |TAMS 0x0000000711800000, 0x0000000711800000| Untracked 
| 112|0x0000000711a00000, 0x0000000711a00000, 0x0000000711c00000|  0%| F|  |TAMS 0x0000000711a00000, 0x0000000711a00000| Untracked 
| 113|0x0000000711c00000, 0x0000000711c00000, 0x0000000711e00000|  0%| F|  |TAMS 0x0000000711c00000, 0x0000000711c00000| Untracked 
| 114|0x0000000711e00000, 0x0000000711e00000, 0x0000000712000000|  0%| F|  |TAMS 0x0000000711e00000, 0x0000000711e00000| Untracked 
| 115|0x0000000712000000, 0x0000000712000000, 0x0000000712200000|  0%| F|  |TAMS 0x0000000712000000, 0x0000000712000000| Untracked 
| 116|0x0000000712200000, 0x0000000712200000, 0x0000000712400000|  0%| F|  |TAMS 0x0000000712200000, 0x0000000712200000| Untracked 
| 117|0x0000000712400000, 0x0000000712400000, 0x0000000712600000|  0%| F|  |TAMS 0x0000000712400000, 0x0000000712400000| Untracked 
| 118|0x0000000712600000, 0x0000000712600000, 0x0000000712800000|  0%| F|  |TAMS 0x0000000712600000, 0x0000000712600000| Untracked 
| 119|0x0000000712800000, 0x0000000712800000, 0x0000000712a00000|  0%| F|  |TAMS 0x0000000712800000, 0x0000000712800000| Untracked 
| 120|0x0000000712a00000, 0x0000000712a00000, 0x0000000712c00000|  0%| F|  |TAMS 0x0000000712a00000, 0x0000000712a00000| Untracked 
| 121|0x0000000712c00000, 0x0000000712c00000, 0x0000000712e00000|  0%| F|  |TAMS 0x0000000712c00000, 0x0000000712c00000| Untracked 
| 122|0x0000000712e00000, 0x0000000712e00000, 0x0000000713000000|  0%| F|  |TAMS 0x0000000712e00000, 0x0000000712e00000| Untracked 
| 123|0x0000000713000000, 0x0000000713200000, 0x0000000713200000|100%| E|  |TAMS 0x0000000713000000, 0x0000000713000000| Complete 
| 124|0x0000000713200000, 0x0000000713400000, 0x0000000713400000|100%| E|CS|TAMS 0x0000000713200000, 0x0000000713200000| Complete 
| 125|0x0000000713400000, 0x0000000713600000, 0x0000000713600000|100%| E|CS|TAMS 0x0000000713400000, 0x0000000713400000| Complete 
| 126|0x0000000713600000, 0x0000000713800000, 0x0000000713800000|100%| E|CS|TAMS 0x0000000713600000, 0x0000000713600000| Complete 

Card table byte_map: [0x000002ca65620000,0x000002ca65e10000] _byte_map_base: 0x000002ca61e03000

Marking Bits (Prev, Next): (CMBitMap*) 0x000002ca4e093ce0, (CMBitMap*) 0x000002ca4e093d20
 Prev Bits: [0x000002ca66600000, 0x000002ca6a518000)
 Next Bits: [0x000002ca6a520000, 0x000002ca6e438000)

Polling page: 0x000002ca4c010000

Metaspace:

Usage:
  Non-class:      3.19 MB used.
      Class:    218.74 KB used.
       Both:      3.40 MB used.

Virtual space:
  Non-class space:       64.00 MB reserved,       3.31 MB (  5%) committed,  1 nodes.
      Class space:        1.00 GB reserved,     320.00 KB ( <1%) committed,  1 nodes.
             Both:        1.06 GB reserved,       3.62 MB ( <1%) committed. 

Chunk freelists:
   Non-Class:  10.30 MB
       Class:  15.64 MB
        Both:  25.94 MB

MaxMetaspaceSize: unlimited
CompressedClassSpaceSize: 1.00 GB
Initial GC threshold: 21.00 MB
Current GC threshold: 21.00 MB
CDS: on
MetaspaceReclaimPolicy: balanced
 - commit_granule_bytes: 65536.
 - commit_granule_words: 8192.
 - virtual_space_node_default_size: 8388608.
 - enlarge_chunks_in_place: 1.
 - new_chunks_are_fully_committed: 0.
 - uncommit_free_chunks: 1.
 - use_allocation_guard: 0.
 - handle_deallocations: 1.


Internal statistics:

num_allocs_failed_limit: 0.
num_arena_births: 80.
num_arena_deaths: 0.
num_vsnodes_births: 2.
num_vsnodes_deaths: 0.
num_space_committed: 56.
num_space_uncommitted: 0.
num_chunks_returned_to_freelist: 0.
num_chunks_taken_from_freelist: 166.
num_chunk_merges: 0.
num_chunk_splits: 102.
num_chunks_enlarged: 65.
num_inconsistent_stats: 0.

CodeHeap 'non-profiled nmethods': size=120000Kb used=201Kb max_used=201Kb free=119798Kb
 bounds [0x000002ca5d5d0000, 0x000002ca5d840000, 0x000002ca64b00000]
CodeHeap 'profiled nmethods': size=120000Kb used=1022Kb max_used=1022Kb free=118977Kb
 bounds [0x000002ca55b00000, 0x000002ca55d70000, 0x000002ca5d030000]
CodeHeap 'non-nmethods': size=5760Kb used=1596Kb max_used=1610Kb free=4163Kb
 bounds [0x000002ca5d030000, 0x000002ca5d2a0000, 0x000002ca5d5d0000]
 total_blobs=1679 nmethods=669 adapters=923
 compilation: enabled
              stopped_count=0, restarted_count=0
 full_count=0

Compilation events (20 events):
Event: 0.300 Thread 0x000002ca75032160 nmethod 659 0x000002ca55bfa310 code [0x000002ca55bfa580, 0x000002ca55bfb088]
Event: 0.300 Thread 0x000002ca75032160  656       1       java.util.concurrent.atomic.AtomicLong::get (5 bytes)
Event: 0.300 Thread 0x000002ca7520e930 nmethod 665 0x000002ca5d601610 code [0x000002ca5d601780, 0x000002ca5d601818]
Event: 0.300 Thread 0x000002ca75032160 nmethod 656 0x000002ca5d601910 code [0x000002ca5d601aa0, 0x000002ca5d601b78]
Event: 0.300 Thread 0x000002ca75032160  660       3       java.nio.Buffer::nextPutIndex (30 bytes)
Event: 0.300 Thread 0x000002ca7501e910  666       4       java.util.Random::next (47 bytes)
Event: 0.300 Thread 0x000002ca75032160 nmethod 660 0x000002ca55bfb610 code [0x000002ca55bfb7c0, 0x000002ca55bfb9e8]
Event: 0.300 Thread 0x000002ca75032160  661   !   3       jdk.internal.misc.ScopedMemoryAccess::putByte (25 bytes)
Event: 0.300 Thread 0x000002ca7520e930  667   !   4       java.nio.DirectByteBuffer::put (36 bytes)
Event: 0.300 Thread 0x000002ca75032160 nmethod 661 0x000002ca55bfbb10 code [0x000002ca55bfbd00, 0x000002ca55bfc258]
Event: 0.301 Thread 0x000002ca75032160  662       3       java.lang.Math::random (7 bytes)
Event: 0.301 Thread 0x000002ca75032160 nmethod 662 0x000002ca55bfc490 code [0x000002ca55bfc660, 0x000002ca55bfc858]
Event: 0.301 Thread 0x000002ca75032160  664       2       java.util.Random::nextDouble (24 bytes)
Event: 0.301 Thread 0x000002ca75032160 nmethod 664 0x000002ca55bfc990 code [0x000002ca55bfcb60, 0x000002ca55bfccd8]
Event: 0.301 Thread 0x000002ca7501e910 nmethod 666 0x000002ca5d601c10 code [0x000002ca5d601d80, 0x000002ca5d601e78]
Event: 0.301 Thread 0x000002ca7501e910  668       4       java.lang.Math::random (7 bytes)
Event: 0.301 Thread 0x000002ca7520e930 nmethod 667 0x000002ca5d601f90 code [0x000002ca5d602100, 0x000002ca5d6021d8]
Event: 0.302 Thread 0x000002ca7501e910 nmethod 668 0x000002ca5d602310 code [0x000002ca5d6024c0, 0x000002ca5d602618]
Event: 0.310 Thread 0x000002ca75032160  669 %     3       me.aurelium.RenderThread::loop @ 74 (336 bytes)
Event: 0.311 Thread 0x000002ca75032160 nmethod 669% 0x000002ca55bfcd90 code [0x000002ca55bfd440, 0x000002ca55bff048]

GC Heap History (0 events):
No events

Dll operation events (8 events):
Event: 0.007 Loaded shared library C:\Program Files\Eclipse Adoptium\jdk-17.0.8.7-hotspot\bin\java.dll
Event: 0.022 Loaded shared library C:\Program Files\Eclipse Adoptium\jdk-17.0.8.7-hotspot\bin\jsvml.dll
Event: 0.051 Loaded shared library C:\Program Files\Eclipse Adoptium\jdk-17.0.8.7-hotspot\bin\net.dll
Event: 0.053 Loaded shared library C:\Program Files\Eclipse Adoptium\jdk-17.0.8.7-hotspot\bin\nio.dll
Event: 0.055 Loaded shared library C:\Program Files\Eclipse Adoptium\jdk-17.0.8.7-hotspot\bin\zip.dll
Event: 0.099 Loaded shared library C:\Program Files\Eclipse Adoptium\jdk-17.0.8.7-hotspot\bin\jimage.dll
Event: 0.113 Loaded shared library C:\Users\autum\AppData\Local\Temp\lwjgl_autum\3.3.3+5\x64\lwjgl.dll
Event: 0.259 Loaded shared library C:\Users\autum\AppData\Local\Temp\lwjgl_autum\3.3.3+5\x64\lwjgl_opengl.dll

Deoptimization events (10 events):
Event: 0.101 Thread 0x000002ca4e02a630 DEOPT PACKING pc=0x000002ca55b14ee7 sp=0x000000dceb2fb380
Event: 0.101 Thread 0x000002ca4e02a630 DEOPT UNPACKING pc=0x000002ca5d08ace3 sp=0x000000dceb2fa7a0 mode 0
Event: 0.107 Thread 0x000002ca4e02a630 Uncommon trap: trap_request=0xffffff45 fr.pc=0x000002ca5d5d6e64 relative=0x0000000000000064
Event: 0.107 Thread 0x000002ca4e02a630 Uncommon trap: reason=unstable_if action=reinterpret pc=0x000002ca5d5d6e64 method=java.io.WinNTFileSystem.isSlash(C)Z @ 9 c2
Event: 0.107 Thread 0x000002ca4e02a630 DEOPT PACKING pc=0x000002ca5d5d6e64 sp=0x000000dceb2fbd30
Event: 0.107 Thread 0x000002ca4e02a630 DEOPT UNPACKING pc=0x000002ca5d08a1a3 sp=0x000000dceb2fbcb8 mode 2
Event: 0.265 Thread 0x000002ca4e02a630 Uncommon trap: trap_request=0xffffff54 fr.pc=0x000002ca5d5fdce0 relative=0x0000000000000060
Event: 0.265 Thread 0x000002ca4e02a630 Uncommon trap: reason=speculate_null_assert action=make_not_entrant pc=0x000002ca5d5fdce0 method=sun.misc.Unsafe.putLong(Ljava/lang/Object;JJ)V @ 7 c2
Event: 0.265 Thread 0x000002ca4e02a630 DEOPT PACKING pc=0x000002ca5d5fdce0 sp=0x000000dceb2ff2a0
Event: 0.265 Thread 0x000002ca4e02a630 DEOPT UNPACKING pc=0x000002ca5d08a1a3 sp=0x000000dceb2ff218 mode 2

Classes unloaded (0 events):
No events

Classes redefined (0 events):
No events

Internal exceptions (20 events):
Event: 0.087 Thread 0x000002ca4e02a630 Exception <a 'java/lang/NoSuchMethodError'{0x00000007135577e8}: 'java.lang.Object java.lang.invoke.DirectMethodHandle$Holder.invokeStaticInit(java.lang.Object)'> (0x00000007135577e8) 
thrown [s\src\hotspot\share\interpreter\linkResolver.cpp, line 759]
Event: 0.093 Thread 0x000002ca4e02a630 Exception <a 'java/lang/NoSuchMethodError'{0x00000007135baea8}: 'void java.lang.invoke.DirectMethodHandle$Holder.invokeStatic(java.lang.Object, java.lang.Object)'> (0x00000007135baea8) 
thrown [s\src\hotspot\share\interpreter\linkResolver.cpp, line 759]
Event: 0.093 Thread 0x000002ca4e02a630 Exception <a 'java/lang/NoSuchMethodError'{0x00000007135c06f0}: 'void java.lang.invoke.DirectMethodHandle$Holder.invokeSpecial(java.lang.Object, java.lang.Object, java.lang.Object)'> (0x00000007135c06f0) 
thrown [s\src\hotspot\share\interpreter\linkResolver.cpp, line 759]
Event: 0.095 Thread 0x000002ca4e02a630 Exception <a 'java/lang/NoSuchMethodError'{0x00000007135d2420}: 'java.lang.Object java.lang.invoke.DirectMethodHandle$Holder.invokeStatic(java.lang.Object, java.lang.Object, int)'> (0x00000007135d2420) 
thrown [s\src\hotspot\share\interpreter\linkResolver.cpp, line 759]
Event: 0.095 Thread 0x000002ca4e02a630 Exception <a 'java/lang/NoSuchMethodError'{0x00000007135de5f0}: 'void java.lang.invoke.DelegatingMethodHandle$Holder.delegate(java.lang.Object, java.lang.Object, int, java.lang.Object)'> (0x00000007135de5f0) 
thrown [s\src\hotspot\share\interpreter\linkResolver.cpp, line 759]
Event: 0.096 Thread 0x000002ca4e02a630 Exception <a 'java/lang/NoSuchMethodError'{0x00000007135e2830}: 'int java.lang.invoke.DirectMethodHandle$Holder.invokeSpecial(java.lang.Object, java.lang.Object, java.lang.Object)'> (0x00000007135e2830) 
thrown [s\src\hotspot\share\interpreter\linkResolver.cpp, line 759]
Event: 0.112 Thread 0x000002ca4e02a630 Exception <a 'sun/nio/fs/WindowsException'{0x0000000713239e18}> (0x0000000713239e18) 
thrown [s\src\hotspot\share\prims\jni.cpp, line 516]
Event: 0.112 Thread 0x000002ca4e02a630 Exception <a 'sun/nio/fs/WindowsException'{0x000000071323a368}> (0x000000071323a368) 
thrown [s\src\hotspot\share\prims\jni.cpp, line 516]
Event: 0.142 Thread 0x000002ca4e02a630 Exception <a 'java/lang/NoSuchMethodError'{0x00000007132efb08}: 'int java.lang.invoke.DirectMethodHandle$Holder.invokeStaticInit(java.lang.Object, java.lang.Object, int, long)'> (0x00000007132efb08) 
thrown [s\src\hotspot\share\interpreter\linkResolver.cpp, line 759]
Event: 0.142 Thread 0x000002ca4e02a630 Exception <a 'java/lang/NoSuchMethodError'{0x00000007132f53d0}: 'java.lang.Object java.lang.invoke.DirectMethodHandle$Holder.newInvokeSpecial(java.lang.Object, java.lang.Object, int)'> (0x00000007132f53d0) 
thrown [s\src\hotspot\share\interpreter\linkResolver.cpp, line 759]
Event: 0.143 Thread 0x000002ca4e02a630 Exception <a 'java/lang/NoSuchMethodError'{0x0000000713305418}: 'int java.lang.invoke.DirectMethodHandle$Holder.invokeStaticInit(java.lang.Object, java.lang.Object, long, long)'> (0x0000000713305418) 
thrown [s\src\hotspot\share\interpreter\linkResolver.cpp, line 759]
Event: 0.144 Thread 0x000002ca4e02a630 Exception <a 'java/lang/NoSuchMethodError'{0x000000071330b1a0}: 'java.lang.Object java.lang.invoke.DirectMethodHandle$Holder.newInvokeSpecial(java.lang.Object, java.lang.Object, long)'> (0x000000071330b1a0) 
thrown [s\src\hotspot\share\interpreter\linkResolver.cpp, line 759]
Event: 0.144 Thread 0x000002ca4e02a630 Exception <a 'java/lang/NoSuchMethodError'{0x000000071330ea68}: 'java.lang.Object java.lang.invoke.Invokers$Holder.linkToTargetMethod(java.lang.Object, long, java.lang.Object)'> (0x000000071330ea68) 
thrown [s\src\hotspot\share\interpreter\linkResolver.cpp, line 759]
Event: 0.144 Thread 0x000002ca4e02a630 Exception <a 'java/lang/NoSuchMethodError'{0x0000000713315f38}: 'int java.lang.invoke.DirectMethodHandle$Holder.invokeStaticInit(java.lang.Object, java.lang.Object, java.lang.Object, long)'> (0x0000000713315f38) 
thrown [s\src\hotspot\share\interpreter\linkResolver.cpp, line 759]
Event: 0.158 Thread 0x000002ca4e02a630 Exception <a 'sun/nio/fs/WindowsException'{0x00000007133d41a0}> (0x00000007133d41a0) 
thrown [s\src\hotspot\share\prims\jni.cpp, line 516]
Event: 0.158 Thread 0x000002ca4e02a630 Exception <a 'sun/nio/fs/WindowsException'{0x00000007133d4500}> (0x00000007133d4500) 
thrown [s\src\hotspot\share\prims\jni.cpp, line 516]
Event: 0.258 Thread 0x000002ca4e02a630 Exception <a 'sun/nio/fs/WindowsException'{0x000000071306e038}> (0x000000071306e038) 
thrown [s\src\hotspot\share\prims\jni.cpp, line 516]
Event: 0.258 Thread 0x000002ca4e02a630 Exception <a 'sun/nio/fs/WindowsException'{0x000000071306e3d8}> (0x000000071306e3d8) 
thrown [s\src\hotspot\share\prims\jni.cpp, line 516]
Event: 0.263 Thread 0x000002ca4e02a630 Exception <a 'sun/nio/fs/WindowsException'{0x0000000713079020}> (0x0000000713079020) 
thrown [s\src\hotspot\share\prims\jni.cpp, line 516]
Event: 0.263 Thread 0x000002ca4e02a630 Exception <a 'sun/nio/fs/WindowsException'{0x00000007130792f0}> (0x00000007130792f0) 
thrown [s\src\hotspot\share\prims\jni.cpp, line 516]

VM Operations (6 events):
Event: 0.055 Executing VM operation: HandshakeAllThreads
Event: 0.055 Executing VM operation: HandshakeAllThreads done
Event: 0.107 Executing VM operation: HandshakeAllThreads
Event: 0.107 Executing VM operation: HandshakeAllThreads done
Event: 0.120 Executing VM operation: HandshakeAllThreads
Event: 0.120 Executing VM operation: HandshakeAllThreads done

Events (20 events):
Event: 0.139 loading class jdk/internal/reflect/UnsafeQualifiedStaticFieldAccessorImpl done
Event: 0.139 loading class jdk/internal/reflect/UnsafeQualifiedStaticObjectFieldAccessorImpl done
Event: 0.141 loading class java/util/function/LongPredicate
Event: 0.141 loading class java/util/function/LongPredicate done
Event: 0.142 loading class jdk/internal/access/foreign/MemorySegmentProxy
Event: 0.142 loading class jdk/internal/access/foreign/MemorySegmentProxy done
Event: 0.145 loading class java/nio/InvalidMarkException
Event: 0.145 loading class java/nio/InvalidMarkException done
Event: 0.145 loading class java/nio/BufferUnderflowException
Event: 0.145 loading class java/nio/BufferUnderflowException done
Event: 0.151 loading class java/util/Formatter$FixedString
Event: 0.151 loading class java/util/Formatter$FixedString done
Event: 0.158 loading class java/lang/NoSuchFieldError
Event: 0.159 loading class java/lang/NoSuchFieldError done
Event: 0.163 loading class jdk/internal/reflect/UnsafeQualifiedStaticIntegerFieldAccessorImpl
Event: 0.163 loading class jdk/internal/reflect/UnsafeQualifiedStaticIntegerFieldAccessorImpl done
Event: 0.257 loading class jdk/internal/misc/ScopedMemoryAccess$Scope
Event: 0.257 loading class jdk/internal/misc/ScopedMemoryAccess$Scope done
Event: 0.299 loading class java/lang/Math$RandomNumberGeneratorHolder
Event: 0.299 loading class java/lang/Math$RandomNumberGeneratorHolder done


Dynamic libraries:
0x00007ff7b7ed0000 - 0x00007ff7b7ede000 	C:\Program Files\Eclipse Adoptium\jdk-17.0.8.7-hotspot\bin\java.exe
0x00007ff91be90000 - 0x00007ff91c0a4000 	C:\WINDOWS\SYSTEM32\ntdll.dll
0x00007ff91aaa0000 - 0x00007ff91ab64000 	C:\WINDOWS\System32\KERNEL32.DLL
0x00007ff9195a0000 - 0x00007ff919944000 	C:\WINDOWS\System32\KERNELBASE.dll
0x00007ff915e90000 - 0x00007ff915f27000 	C:\WINDOWS\SYSTEM32\apphelp.dll
0x00007ff919360000 - 0x00007ff919471000 	C:\WINDOWS\System32\ucrtbase.dll
0x00007ff8f7770000 - 0x00007ff8f7787000 	C:\Program Files\Eclipse Adoptium\jdk-17.0.8.7-hotspot\bin\jli.dll
0x00007ff8fa7a0000 - 0x00007ff8fa7b9000 	C:\Program Files\Eclipse Adoptium\jdk-17.0.8.7-hotspot\bin\VCRUNTIME140.dll
0x00007ff91b190000 - 0x00007ff91b33a000 	C:\WINDOWS\System32\USER32.dll
0x00007ff919330000 - 0x00007ff919356000 	C:\WINDOWS\System32\win32u.dll
0x00007ff8f6200000 - 0x00007ff8f648f000 	C:\WINDOWS\WinSxS\amd64_microsoft.windows.common-controls_6595b64144ccf1df_6.0.22621.2070_none_2713e6537381f706\COMCTL32.dll
0x00007ff91bce0000 - 0x00007ff91bd09000 	C:\WINDOWS\System32\GDI32.dll
0x00007ff91a950000 - 0x00007ff91a9f7000 	C:\WINDOWS\System32\msvcrt.dll
0x00007ff919ac0000 - 0x00007ff919bd9000 	C:\WINDOWS\System32\gdi32full.dll
0x00007ff919480000 - 0x00007ff91951a000 	C:\WINDOWS\System32\msvcp_win.dll
0x00007ff91a390000 - 0x00007ff91a3c1000 	C:\WINDOWS\System32\IMM32.DLL
0x00007ff90d160000 - 0x00007ff90d16c000 	C:\Program Files\Eclipse Adoptium\jdk-17.0.8.7-hotspot\bin\vcruntime140_1.dll
0x00007ff8dbec0000 - 0x00007ff8dbf51000 	C:\Program Files\Eclipse Adoptium\jdk-17.0.8.7-hotspot\bin\msvcp140.dll
0x00007ff878a40000 - 0x00007ff87968c000 	C:\Program Files\Eclipse Adoptium\jdk-17.0.8.7-hotspot\bin\server\jvm.dll
0x00007ff91a830000 - 0x00007ff91a8e0000 	C:\WINDOWS\System32\ADVAPI32.dll
0x00007ff91ab70000 - 0x00007ff91ac16000 	C:\WINDOWS\System32\sechost.dll
0x00007ff91ac80000 - 0x00007ff91ad97000 	C:\WINDOWS\System32\RPCRT4.dll
0x00007ff919090000 - 0x00007ff9190dd000 	C:\WINDOWS\SYSTEM32\POWRPROF.dll
0x00007ff8f1a90000 - 0x00007ff8f1a99000 	C:\WINDOWS\SYSTEM32\WSOCK32.dll
0x00007ff91aea0000 - 0x00007ff91af11000 	C:\WINDOWS\System32\WS2_32.dll
0x00007ff910830000 - 0x00007ff910864000 	C:\WINDOWS\SYSTEM32\WINMM.dll
0x00007ff912eb0000 - 0x00007ff912eba000 	C:\WINDOWS\SYSTEM32\VERSION.dll
0x00007ff918f70000 - 0x00007ff918f83000 	C:\WINDOWS\SYSTEM32\UMPDC.dll
0x00007ff918260000 - 0x00007ff918278000 	C:\WINDOWS\SYSTEM32\kernel.appcore.dll
0x00007ff8f8850000 - 0x00007ff8f885a000 	C:\Program Files\Eclipse Adoptium\jdk-17.0.8.7-hotspot\bin\jimage.dll
0x00007ff916b80000 - 0x00007ff916dae000 	C:\WINDOWS\SYSTEM32\DBGHELP.DLL
0x00007ff91a3f0000 - 0x00007ff91a77a000 	C:\WINDOWS\System32\combase.dll
0x00007ff91b340000 - 0x00007ff91b417000 	C:\WINDOWS\System32\OLEAUT32.dll
0x00007ff914070000 - 0x00007ff9140a2000 	C:\WINDOWS\SYSTEM32\dbgcore.DLL
0x00007ff919520000 - 0x00007ff91959a000 	C:\WINDOWS\System32\bcryptPrimitives.dll
0x00007ff8e8500000 - 0x00007ff8e8525000 	C:\Program Files\Eclipse Adoptium\jdk-17.0.8.7-hotspot\bin\java.dll
0x00007ff8d3210000 - 0x00007ff8d32e6000 	C:\Program Files\Eclipse Adoptium\jdk-17.0.8.7-hotspot\bin\jsvml.dll
0x00007ff91b430000 - 0x00007ff91bc46000 	C:\WINDOWS\System32\SHELL32.dll
0x00007ff917200000 - 0x00007ff917aea000 	C:\WINDOWS\SYSTEM32\windows.storage.dll
0x00007ff9170c0000 - 0x00007ff9171fe000 	C:\WINDOWS\SYSTEM32\wintypes.dll
0x00007ff91ada0000 - 0x00007ff91ae93000 	C:\WINDOWS\System32\SHCORE.dll
0x00007ff91a780000 - 0x00007ff91a7de000 	C:\WINDOWS\System32\shlwapi.dll
0x00007ff9191a0000 - 0x00007ff9191c6000 	C:\WINDOWS\SYSTEM32\profapi.dll
0x00007ff8efb60000 - 0x00007ff8efb79000 	C:\Program Files\Eclipse Adoptium\jdk-17.0.8.7-hotspot\bin\net.dll
0x00007ff90e7d0000 - 0x00007ff90e907000 	C:\WINDOWS\SYSTEM32\WINHTTP.dll
0x00007ff918730000 - 0x00007ff918799000 	C:\WINDOWS\system32\mswsock.dll
0x00007ff8ef930000 - 0x00007ff8ef945000 	C:\Program Files\Eclipse Adoptium\jdk-17.0.8.7-hotspot\bin\nio.dll
0x00007ff8efda0000 - 0x00007ff8efdb8000 	C:\Program Files\Eclipse Adoptium\jdk-17.0.8.7-hotspot\bin\zip.dll
0x00007ff8e8840000 - 0x00007ff8e88bb000 	C:\Users\autum\AppData\Local\Temp\lwjgl_autum\3.3.3+5\x64\lwjgl.dll
0x00007ff8e87b0000 - 0x00007ff8e8832000 	C:\Users\autum\AppData\Local\Temp\lwjgl_autum\3.3.3+5\x64\glfw.dll
0x00007ff8e8d60000 - 0x00007ff8e8da6000 	C:\WINDOWS\SYSTEM32\dinput8.dll
0x00007ff8fa6d0000 - 0x00007ff8fa6e1000 	C:\WINDOWS\SYSTEM32\xinput1_4.dll
0x00007ff918eb0000 - 0x00007ff918edc000 	C:\WINDOWS\SYSTEM32\DEVOBJ.dll
0x00007ff918ee0000 - 0x00007ff918f2e000 	C:\WINDOWS\SYSTEM32\cfgmgr32.dll
0x00007ff916560000 - 0x00007ff91658b000 	C:\WINDOWS\SYSTEM32\dwmapi.dll
0x00007ff9162f0000 - 0x00007ff91639b000 	C:\WINDOWS\system32\uxtheme.dll
0x00007ff900550000 - 0x00007ff900751000 	C:\WINDOWS\SYSTEM32\inputhost.dll
0x00007ff915b90000 - 0x00007ff915cc3000 	C:\WINDOWS\SYSTEM32\CoreMessaging.dll
0x00007ff91bd10000 - 0x00007ff91be37000 	C:\WINDOWS\System32\MSCTF.dll
0x00007ff9189a0000 - 0x00007ff9189ac000 	C:\WINDOWS\SYSTEM32\CRYPTBASE.DLL
0x00007ff8ec7a0000 - 0x00007ff8ec8a0000 	C:\WINDOWS\SYSTEM32\opengl32.dll
0x00007ff8ec730000 - 0x00007ff8ec75d000 	C:\WINDOWS\SYSTEM32\GLU32.dll
0x00007ff916400000 - 0x00007ff916438000 	C:\WINDOWS\SYSTEM32\dxcore.dll
0x00007ff9140b0000 - 0x00007ff9140fa000 	C:\WINDOWS\SYSTEM32\directxdatabasehelper.dll
0x00007ff91b0e0000 - 0x00007ff91b190000 	C:\WINDOWS\System32\clbcatq.dll
0x00007ff877910000 - 0x00007ff878a38000 	C:\WINDOWS\System32\DriverStore\FileRepository\71_hp_tgl_iigd_dch.inf_amd64_61e455c76634716f\igxelpicd64.dll
0x00007ff91af40000 - 0x00007ff91b0dc000 	C:\WINDOWS\System32\ole32.dll
0x00007ff916450000 - 0x00007ff916548000 	C:\WINDOWS\system32\dxgi.dll
0x00007ff8cc5f0000 - 0x00007ff8cc73d000 	C:\WINDOWS\System32\DriverStore\FileRepository\71_hp_tgl_iigd_dch.inf_amd64_61e455c76634716f\igdml64.dll
0x00007ff90f810000 - 0x00007ff90fbe4000 	C:\WINDOWS\System32\DriverStore\FileRepository\71_hp_tgl_iigd_dch.inf_amd64_61e455c76634716f\igdgmm64.dll
0x00007ff919be0000 - 0x00007ff919c4b000 	C:\WINDOWS\System32\WINTRUST.dll
0x00007ff919950000 - 0x00007ff919ab7000 	C:\WINDOWS\System32\CRYPT32.dll
0x00007ff9189e0000 - 0x00007ff9189f2000 	C:\WINDOWS\SYSTEM32\MSASN1.dll
0x00007ff9077a0000 - 0x00007ff90b5b2000 	C:\WINDOWS\System32\DriverStore\FileRepository\71_hp_tgl_iigd_dch.inf_amd64_61e455c76634716f\igc64.dll
0x00007ff90ca60000 - 0x00007ff90cb8d000 	C:\WINDOWS\SYSTEM32\textinputframework.dll
0x00007ff913a60000 - 0x00007ff913dcc000 	C:\WINDOWS\SYSTEM32\CoreUIComponents.dll
0x00007ff8f9d80000 - 0x00007ff8f9de9000 	C:\WINDOWS\system32\Oleacc.dll
0x00007ff8e8750000 - 0x00007ff8e87ae000 	C:\Users\autum\AppData\Local\Temp\lwjgl_autum\3.3.3+5\x64\lwjgl_opengl.dll

dbghelp: loaded successfully - version: 4.0.5 - missing functions: none
symbol engine: initialized successfully - sym options: 0x614 - pdb path: .;C:\Program Files\Eclipse Adoptium\jdk-17.0.8.7-hotspot\bin;C:\WINDOWS\SYSTEM32;C:\WINDOWS\WinSxS\amd64_microsoft.windows.common-controls_6595b64144ccf1df_6.0.22621.2070_none_2713e6537381f706;C:\Program Files\Eclipse Adoptium\jdk-17.0.8.7-hotspot\bin\server;C:\Users\autum\AppData\Local\Temp\lwjgl_autum\3.3.3+5\x64;C:\WINDOWS\System32\DriverStore\FileRepository\71_hp_tgl_iigd_dch.inf_amd64_61e455c76634716f

VM Arguments:
jvm_args: -Dfile.encoding=windows-1252 -Duser.country=US -Duser.language=en -Duser.variant 
java_command: me.aurelium.RenderThread
java_class_path (initial): C:\Users\autum\IdeaProjects\PowderHackathon\build\classes\java\main;C:\Users\autum\IdeaProjects\PowderHackathon\build\resources\main;C:\Users\autum\.gradle\caches\modules-2\files-2.1\org.lwjgl\lwjgl-assimp\3.3.3\c2c34011cbda30ed8cf98bc5cbf97b49afe5279a\lwjgl-assimp-3.3.3.jar;C:\Users\autum\.gradle\caches\modules-2\files-2.1\org.lwjgl\lwjgl-assimp\3.3.3\d90ccdade594716062975cffd1431d387f770ac4\lwjgl-assimp-3.3.3-natives-windows.jar;C:\Users\autum\.gradle\caches\modules-2\files-2.1\org.lwjgl\lwjgl-glfw\3.3.3\efa1eb78c5ccd840e9f329717109b5e892d72f8e\lwjgl-glfw-3.3.3.jar;C:\Users\autum\.gradle\caches\modules-2\files-2.1\org.lwjgl\lwjgl-glfw\3.3.3\e449e28b4891fc423c54c85fbc5bb0b9efece67a\lwjgl-glfw-3.3.3-natives-windows.jar;C:\Users\autum\.gradle\caches\modules-2\files-2.1\org.lwjgl\lwjgl-openal\3.3.3\daada81ceb5fc0c291fbfdd4433cb8d9423577f2\lwjgl-openal-3.3.3.jar;C:\Users\autum\.gradle\caches\modules-2\files-2.1\org.lwjgl\lwjgl-openal\3.3.3\cf83862ae95d98496b26915024c7e666d8ab1c8f\lwjgl-openal-3.3.3-natives-windows.jar;C:\Users\autum\.gradle\caches\modules-2\files-2.1\org.lwjgl\lwjgl-opengl\3.3.3\2f6b0147078396a58979125a4c947664e98293a\lwjgl-opengl-3.3.3.jar;C:\Users\autum\.gradle\caches\modules-2\files-2.1\org.lwjgl\lwjgl-opengl\3.3.3\e6c1eec8be8a71951b830a4d69efc01c6531900c\lwjgl-opengl-3.3.3-natives-windows.jar;C:\Users\autum\.gradle\caches\modules-2\files-2.1\org.lwjgl\lwjgl-stb\3.3.3\25dd6161988d7e65f71d5065c99902402ee32746\lwjgl-stb-3.3.3.jar;C:\Users\autum\.gradle\caches\modules-2\files-2.1\org.lwjgl\lwjgl-stb\3.3.3\1d9facdf6541de114b0f963be33505b7679c78cb\lwjgl-stb-3.3.3-natives-windows.jar;C:\Users\autum\.gradle\caches\modules-2\files-2.1\org.lwjgl\lwjgl\3.3.3\29589b5f87ed335a6c7e7ee6a5775f81f97ecb84\lwjgl-3.3.3.jar;C:\Users\autum\.gradle\caches\modules-2\files-2.1\org.lwjgl\lwjgl\3.3.3\a5ed18a2b82fc91b81f40d717cb1f64c9dcb0540\lwjgl-3.3.3-natives-windows.jar
Launcher Type: SUN_STANDARD

[Global flags]
     intx CICompilerCount                          = 4                                         {product} {ergonomic}
     uint ConcGCThreads                            = 2                                         {product} {ergonomic}
     uint G1ConcRefinementThreads                  = 8                                         {product} {ergonomic}
   size_t G1HeapRegionSize                         = 2097152                                   {product} {ergonomic}
    uintx GCDrainStackTargetSize                   = 64                                        {product} {ergonomic}
   size_t InitialHeapSize                          = 266338304                                 {product} {ergonomic}
   size_t MarkStackSize                            = 4194304                                   {product} {ergonomic}
   size_t MaxHeapSize                              = 4234149888                                {product} {ergonomic}
   size_t MaxNewSize                               = 2539651072                                {product} {ergonomic}
   size_t MinHeapDeltaBytes                        = 2097152                                   {product} {ergonomic}
   size_t MinHeapSize                              = 8388608                                   {product} {ergonomic}
    uintx NonNMethodCodeHeapSize                   = 5839372                                {pd product} {ergonomic}
    uintx NonProfiledCodeHeapSize                  = 122909434                              {pd product} {ergonomic}
    uintx ProfiledCodeHeapSize                     = 122909434                              {pd product} {ergonomic}
    uintx ReservedCodeCacheSize                    = 251658240                              {pd product} {ergonomic}
     bool SegmentedCodeCache                       = true                                      {product} {ergonomic}
   size_t SoftMaxHeapSize                          = 4234149888                             {manageable} {ergonomic}
     bool UseCompressedClassPointers               = true                           {product lp64_product} {ergonomic}
     bool UseCompressedOops                        = true                           {product lp64_product} {ergonomic}
     bool UseG1GC                                  = true                                      {product} {ergonomic}
     bool UseLargePagesIndividualAllocation        = false                                  {pd product} {ergonomic}

Logging:
Log output configuration:
 #0: stdout all=warning uptime,level,tags
 #1: stderr all=off uptime,level,tags

Environment Variables:
PATH=C:\Program Files (x86)\VMware\VMware Player\bin\;C:\Program Files\Eclipse Adoptium\jdk-17.0.8.7-hotspot\bin;C:\WINDOWS\system32;C:\WINDOWS;C:\WINDOWS\System32\Wbem;C:\WINDOWS\System32\WindowsPowerShell\v1.0\;C:\WINDOWS\System32\OpenSSH\;C:\Program Files\PuTTY\;C:\Program Files\Microsoft VS Code\bin;C:\Program Files\GitHub CLI\;C:\Program Files\Git\cmd;C:\Users\autum\.cargo\bin;C:\Users\autum\AppData\Local\Microsoft\WindowsApps;C:\Users\autum\AppData\Local\JetBrains\Toolbox\scripts;C:\Users\autum\AppData\Local\GitHubDesktop\bin
USERNAME=autum
OS=Windows_NT
PROCESSOR_IDENTIFIER=Intel64 Family 6 Model 140 Stepping 1, GenuineIntel
TMP=C:\Users\autum\AppData\Local\Temp
TEMP=C:\Users\autum\AppData\Local\Temp



---------------  S Y S T E M  ---------------

OS:
 Windows 11 , 64 bit Build 22621 (10.0.22621.2070)
OS uptime: 24 days 5:19 hours
Hyper-V role detected

CPU: total 8 (initial active 8) (4 cores per cpu, 2 threads per core) family 6 model 140 stepping 1 microcode 0x86, cx8, cmov, fxsr, ht, mmx, 3dnowpref, sse, sse2, sse3, ssse3, sse4.1, sse4.2, popcnt, lzcnt, tsc, tscinvbit, avx, avx2, aes, erms, clmul, bmi1, bmi2, adx, avx512f, avx512dq, avx512cd, avx512bw, avx512vl, sha, fma, vzeroupper, avx512_vpopcntdq, avx512_vpclmulqdq, avx512_vaes, avx512_vnni, clflush, clflushopt, clwb, avx512_vbmi2, avx512_vbmi, hv
Processor Information for processor 0
  Max Mhz: 1690, Current Mhz: 1690, Mhz Limit: 1690
Processor Information for processor 1
  Max Mhz: 1690, Current Mhz: 1690, Mhz Limit: 1690
Processor Information for processor 2
  Max Mhz: 1690, Current Mhz: 1192, Mhz Limit: 1690
Processor Information for processor 3
  Max Mhz: 1690, Current Mhz: 1690, Mhz Limit: 1690
Processor Information for processor 4
  Max Mhz: 1690, Current Mhz: 1192, Mhz Limit: 1690
Processor Information for processor 5
  Max Mhz: 1690, Current Mhz: 1690, Mhz Limit: 1690
Processor Information for processor 6
  Max Mhz: 1690, Current Mhz: 1690, Mhz Limit: 1690
Processor Information for processor 7
  Max Mhz: 1690, Current Mhz: 1690, Mhz Limit: 1690

Memory: 4k page, system-wide physical 16151M (3677M free)
TotalPageFile size 23073M (AvailPageFile size 4314M)
current process WorkingSet (physical memory assigned to process): 128M, peak: 128M
current process commit charge ("private bytes"): 402M, peak: 402M

vm_info: OpenJDK 64-Bit Server VM (17.0.8+7) for windows-amd64 JRE (17.0.8+7), built on Jul 18 2023 21:02:32 by "admin" with MS VC++ 16.7 (VS2019)

END.
